TN:
SF:src\config\db.ts
FN:7,(anonymous_1)
FNF:1
FNH:0
FNDA:0,(anonymous_1)
DA:1,0
DA:2,0
DA:3,0
DA:5,0
DA:7,0
DA:8,0
DA:9,0
DA:10,0
DA:12,0
DA:13,0
DA:17,0
LF:11
LH:0
BRF:0
BRH:0
end_of_record
TN:
SF:src\config\env.ts
FN:4,(anonymous_1)
FNF:1
FNH:1
FNDA:2,(anonymous_1)
DA:1,1
DA:2,1
DA:4,1
DA:5,2
DA:6,0
DA:8,2
DA:9,0
DA:11,2
DA:12,0
DA:14,2
DA:17,1
LF:11
LH:8
BRDA:5,0,0,0
BRDA:8,1,0,0
BRDA:11,2,0,0
BRDA:11,3,0,2
BRDA:11,3,1,0
BRDA:11,3,2,0
BRDA:11,3,3,0
BRDA:18,4,0,1
BRDA:18,4,1,0
BRDA:19,5,0,1
BRDA:19,5,1,0
BRDA:20,6,0,1
BRDA:20,6,1,0
BRDA:23,7,0,1
BRDA:23,7,1,0
BRDA:24,8,0,1
BRDA:24,8,1,0
BRDA:25,9,0,1
BRDA:25,9,1,0
BRDA:26,10,0,1
BRDA:26,10,1,0
BRDA:27,11,0,1
BRDA:27,11,1,0
BRDA:28,12,0,1
BRDA:28,12,1,1
BRDA:29,13,0,1
BRDA:29,13,1,0
BRDA:30,14,0,1
BRDA:30,14,1,0
BRDA:31,15,0,1
BRDA:31,15,1,0
BRDA:32,16,0,1
BRDA:32,16,1,0
BRF:33
BRH:15
end_of_record
TN:
SF:src\config\swagger.ts
FNF:0
FNH:0
DA:1,0
DA:2,0
DA:4,0
DA:147,0
LF:4
LH:0
BRF:0
BRH:0
end_of_record
TN:
SF:src\controllers\admin.controller.ts
FN:7,(anonymous_0)
FN:25,(anonymous_1)
FN:38,(anonymous_2)
FN:54,(anonymous_3)
FN:72,(anonymous_4)
FN:87,(anonymous_5)
FN:100,(anonymous_6)
FN:113,(anonymous_7)
FN:126,(anonymous_8)
FNF:9
FNH:0
FNDA:0,(anonymous_0)
FNDA:0,(anonymous_1)
FNDA:0,(anonymous_2)
FNDA:0,(anonymous_3)
FNDA:0,(anonymous_4)
FNDA:0,(anonymous_5)
FNDA:0,(anonymous_6)
FNDA:0,(anonymous_7)
FNDA:0,(anonymous_8)
DA:2,0
DA:3,0
DA:5,0
DA:7,0
DA:8,0
DA:9,0
DA:10,0
DA:15,0
DA:17,0
DA:18,0
DA:19,0
DA:21,0
DA:25,0
DA:26,0
DA:27,0
DA:28,0
DA:30,0
DA:31,0
DA:32,0
DA:34,0
DA:38,0
DA:39,0
DA:40,0
DA:44,0
DA:46,0
DA:47,0
DA:48,0
DA:50,0
DA:54,0
DA:55,0
DA:56,0
DA:57,0
DA:62,0
DA:64,0
DA:65,0
DA:66,0
DA:68,0
DA:72,0
DA:73,0
DA:74,0
DA:75,0
DA:81,0
DA:83,0
DA:87,0
DA:88,0
DA:89,0
DA:90,0
DA:92,0
DA:93,0
DA:94,0
DA:96,0
DA:100,0
DA:101,0
DA:102,0
DA:103,0
DA:105,0
DA:106,0
DA:107,0
DA:109,0
DA:113,0
DA:114,0
DA:115,0
DA:116,0
DA:118,0
DA:119,0
DA:120,0
DA:122,0
DA:126,0
DA:127,0
DA:128,0
DA:129,0
DA:131,0
DA:132,0
DA:133,0
DA:135,0
LF:75
LH:0
BRDA:9,0,0,0
BRDA:9,1,0,0
BRDA:17,2,0,0
BRDA:30,3,0,0
BRDA:46,4,0,0
BRDA:64,5,0,0
BRDA:74,6,0,0
BRDA:74,7,0,0
BRDA:92,8,0,0
BRDA:105,9,0,0
BRDA:118,10,0,0
BRDA:131,11,0,0
BRF:12
BRH:0
end_of_record
TN:
SF:src\controllers\appointment.controller.ts
FN:8,(anonymous_0)
FN:43,(anonymous_1)
FN:74,(anonymous_2)
FN:100,(anonymous_3)
FN:131,(anonymous_4)
FN:165,(anonymous_5)
FN:213,(anonymous_6)
FNF:7
FNH:0
FNDA:0,(anonymous_0)
FNDA:0,(anonymous_1)
FNDA:0,(anonymous_2)
FNDA:0,(anonymous_3)
FNDA:0,(anonymous_4)
FNDA:0,(anonymous_5)
FNDA:0,(anonymous_6)
DA:2,0
DA:3,0
DA:5,0
DA:6,0
DA:8,0
DA:9,0
DA:10,0
DA:11,0
DA:13,0
DA:14,0
DA:15,0
DA:16,0
DA:19,0
DA:20,0
DA:21,0
DA:22,0
DA:23,0
DA:24,0
DA:27,0
DA:28,0
DA:29,0
DA:30,0
DA:37,0
DA:39,0
DA:43,0
DA:44,0
DA:45,0
DA:49,0
DA:50,0
DA:51,0
DA:54,0
DA:55,0
DA:57,0
DA:63,0
DA:64,0
DA:65,0
DA:68,0
DA:70,0
DA:74,0
DA:79,0
DA:80,0
DA:82,0
DA:83,0
DA:84,0
DA:88,0
DA:93,0
DA:94,0
DA:97,0
DA:100,0
DA:101,0
DA:102,0
DA:108,0
DA:109,0
DA:110,0
DA:111,0
DA:113,0
DA:121,0
DA:123,0
DA:124,0
DA:125,0
DA:127,0
DA:131,0
DA:132,0
DA:133,0
DA:139,0
DA:140,0
DA:141,0
DA:144,0
DA:145,0
DA:147,0
DA:155,0
DA:157,0
DA:158,0
DA:159,0
DA:161,0
DA:165,0
DA:166,0
DA:167,0
DA:173,0
DA:175,0
DA:176,0
DA:177,0
DA:184,0
DA:185,0
DA:186,0
DA:190,0
DA:191,0
DA:192,0
DA:193,0
DA:195,0
DA:203,0
DA:205,0
DA:206,0
DA:207,0
DA:209,0
DA:213,0
DA:214,0
DA:215,0
DA:217,0
DA:218,0
DA:219,0
DA:222,0
DA:223,0
DA:225,0
DA:233,0
DA:235,0
LF:106
LH:0
BRDA:10,0,0,0
BRDA:10,1,0,0
BRDA:13,2,0,0
BRDA:13,2,1,0
BRDA:15,3,0,0
BRDA:19,4,0,0
BRDA:20,5,0,0
BRDA:49,6,0,0
BRDA:57,7,0,0
BRDA:57,7,1,0
BRDA:57,7,2,0
BRDA:57,7,3,0
BRDA:57,7,4,0
BRDA:63,8,0,0
BRDA:79,9,0,0
BRDA:83,10,0,0
BRDA:88,11,0,0
BRDA:88,11,1,0
BRDA:88,11,2,0
BRDA:88,11,3,0
BRDA:93,12,0,0
BRDA:109,13,0,0
BRDA:110,14,0,0
BRDA:123,15,0,0
BRDA:139,16,0,0
BRDA:157,17,0,0
BRDA:175,18,0,0
BRDA:184,19,0,0
BRDA:205,20,0,0
BRDA:217,21,0,0
BRF:30
BRH:0
end_of_record
TN:
SF:src\controllers\auditLog.controller.ts
FN:7,(anonymous_0)
FN:28,(anonymous_1)
FN:41,(anonymous_2)
FN:57,(anonymous_3)
FN:70,(anonymous_4)
FN:83,(anonymous_5)
FNF:6
FNH:0
FNDA:0,(anonymous_0)
FNDA:0,(anonymous_1)
FNDA:0,(anonymous_2)
FNDA:0,(anonymous_3)
FNDA:0,(anonymous_4)
FNDA:0,(anonymous_5)
DA:2,0
DA:3,0
DA:5,0
DA:7,0
DA:8,0
DA:9,0
DA:18,0
DA:20,0
DA:21,0
DA:22,0
DA:24,0
DA:28,0
DA:29,0
DA:30,0
DA:31,0
DA:33,0
DA:34,0
DA:35,0
DA:37,0
DA:41,0
DA:42,0
DA:43,0
DA:47,0
DA:49,0
DA:50,0
DA:51,0
DA:53,0
DA:57,0
DA:58,0
DA:59,0
DA:60,0
DA:62,0
DA:63,0
DA:64,0
DA:66,0
DA:70,0
DA:71,0
DA:72,0
DA:73,0
DA:75,0
DA:76,0
DA:77,0
DA:79,0
DA:83,0
DA:84,0
DA:85,0
DA:89,0
DA:91,0
DA:92,0
DA:93,0
DA:95,0
LF:51
LH:0
BRDA:20,0,0,0
BRDA:33,1,0,0
BRDA:49,2,0,0
BRDA:62,3,0,0
BRDA:75,4,0,0
BRDA:91,5,0,0
BRF:6
BRH:0
end_of_record
TN:
SF:src\controllers\auth.controller.ts
FN:6,(anonymous_0)
FN:19,(anonymous_1)
FN:37,(anonymous_2)
FN:51,(anonymous_3)
FN:65,(anonymous_4)
FN:79,(anonymous_5)
FN:92,(anonymous_6)
FN:106,(anonymous_7)
FN:120,(anonymous_8)
FN:134,(anonymous_9)
FNF:10
FNH:0
FNDA:0,(anonymous_0)
FNDA:0,(anonymous_1)
FNDA:0,(anonymous_2)
FNDA:0,(anonymous_3)
FNDA:0,(anonymous_4)
FNDA:0,(anonymous_5)
FNDA:0,(anonymous_6)
FNDA:0,(anonymous_7)
FNDA:0,(anonymous_8)
FNDA:0,(anonymous_9)
DA:2,0
DA:3,0
DA:6,0
DA:7,0
DA:8,0
DA:9,0
DA:11,0
DA:12,0
DA:13,0
DA:15,0
DA:19,0
DA:20,0
DA:21,0
DA:22,0
DA:29,0
DA:30,0
DA:31,0
DA:33,0
DA:37,0
DA:38,0
DA:39,0
DA:40,0
DA:41,0
DA:43,0
DA:44,0
DA:45,0
DA:47,0
DA:51,0
DA:52,0
DA:53,0
DA:54,0
DA:55,0
DA:57,0
DA:58,0
DA:59,0
DA:61,0
DA:65,0
DA:66,0
DA:67,0
DA:68,0
DA:69,0
DA:71,0
DA:72,0
DA:73,0
DA:75,0
DA:79,0
DA:80,0
DA:81,0
DA:82,0
DA:84,0
DA:85,0
DA:86,0
DA:88,0
DA:92,0
DA:93,0
DA:94,0
DA:95,0
DA:96,0
DA:98,0
DA:99,0
DA:100,0
DA:102,0
DA:106,0
DA:107,0
DA:108,0
DA:109,0
DA:110,0
DA:112,0
DA:113,0
DA:114,0
DA:116,0
DA:120,0
DA:121,0
DA:122,0
DA:123,0
DA:124,0
DA:126,0
DA:127,0
DA:128,0
DA:130,0
DA:134,0
DA:135,0
DA:136,0
DA:137,0
DA:138,0
DA:140,0
DA:141,0
DA:142,0
DA:144,0
LF:89
LH:0
BRDA:11,0,0,0
BRDA:29,1,0,0
BRDA:43,2,0,0
BRDA:57,3,0,0
BRDA:71,4,0,0
BRDA:84,5,0,0
BRDA:98,6,0,0
BRDA:112,7,0,0
BRDA:126,8,0,0
BRDA:140,9,0,0
BRF:10
BRH:0
end_of_record
TN:
SF:src\controllers\billing.controller.ts
FN:7,(anonymous_0)
FN:23,(anonymous_1)
FN:41,(anonymous_2)
FN:54,(anonymous_3)
FN:67,(anonymous_4)
FN:80,(anonymous_5)
FN:89,(anonymous_6)
FN:98,(anonymous_7)
FN:119,(anonymous_8)
FN:136,(anonymous_9)
FN:149,(anonymous_10)
FN:162,(anonymous_11)
FN:175,(anonymous_12)
FN:187,(anonymous_13)
FNF:14
FNH:0
FNDA:0,(anonymous_0)
FNDA:0,(anonymous_1)
FNDA:0,(anonymous_2)
FNDA:0,(anonymous_3)
FNDA:0,(anonymous_4)
FNDA:0,(anonymous_5)
FNDA:0,(anonymous_6)
FNDA:0,(anonymous_7)
FNDA:0,(anonymous_8)
FNDA:0,(anonymous_9)
FNDA:0,(anonymous_10)
FNDA:0,(anonymous_11)
FNDA:0,(anonymous_12)
FNDA:0,(anonymous_13)
DA:2,0
DA:3,0
DA:5,0
DA:7,0
DA:8,0
DA:9,0
DA:13,0
DA:15,0
DA:16,0
DA:17,0
DA:19,0
DA:23,0
DA:24,0
DA:25,0
DA:35,0
DA:37,0
DA:41,0
DA:42,0
DA:43,0
DA:44,0
DA:46,0
DA:47,0
DA:48,0
DA:50,0
DA:54,0
DA:55,0
DA:56,0
DA:57,0
DA:59,0
DA:60,0
DA:61,0
DA:63,0
DA:67,0
DA:68,0
DA:69,0
DA:70,0
DA:72,0
DA:73,0
DA:74,0
DA:76,0
DA:80,0
DA:81,0
DA:82,0
DA:83,0
DA:85,0
DA:89,0
DA:90,0
DA:91,0
DA:92,0
DA:94,0
DA:98,0
DA:99,0
DA:100,0
DA:109,0
DA:111,0
DA:112,0
DA:113,0
DA:115,0
DA:119,0
DA:120,0
DA:121,0
DA:130,0
DA:132,0
DA:136,0
DA:137,0
DA:138,0
DA:139,0
DA:141,0
DA:142,0
DA:143,0
DA:145,0
DA:149,0
DA:150,0
DA:151,0
DA:152,0
DA:154,0
DA:155,0
DA:156,0
DA:158,0
DA:162,0
DA:163,0
DA:164,0
DA:165,0
DA:167,0
DA:168,0
DA:169,0
DA:171,0
DA:175,0
DA:176,0
DA:177,0
DA:181,0
DA:183,0
DA:187,0
DA:188,0
DA:189,0
DA:190,0
DA:192,0
LF:97
LH:0
BRDA:15,0,0,0
BRDA:46,1,0,0
BRDA:59,2,0,0
BRDA:72,3,0,0
BRDA:111,4,0,0
BRDA:141,5,0,0
BRDA:154,6,0,0
BRDA:167,7,0,0
BRF:8
BRH:0
end_of_record
TN:
SF:src\controllers\branch.controller.ts
FN:6,(anonymous_0)
FN:19,(anonymous_1)
FN:53,(anonymous_2)
FN:67,(anonymous_3)
FN:84,(anonymous_4)
FNF:5
FNH:0
FNDA:0,(anonymous_0)
FNDA:0,(anonymous_1)
FNDA:0,(anonymous_2)
FNDA:0,(anonymous_3)
FNDA:0,(anonymous_4)
DA:2,0
DA:3,0
DA:6,0
DA:7,0
DA:8,0
DA:9,0
DA:11,0
DA:12,0
DA:13,0
DA:15,0
DA:19,0
DA:20,0
DA:21,0
DA:22,0
DA:23,0
DA:24,0
DA:26,0
DA:27,0
DA:28,0
DA:34,0
DA:35,0
DA:38,0
DA:47,0
DA:49,0
DA:53,0
DA:54,0
DA:55,0
DA:57,0
DA:58,0
DA:59,0
DA:61,0
DA:63,0
DA:67,0
DA:68,0
DA:69,0
DA:70,0
DA:71,0
DA:72,0
DA:74,0
DA:76,0
DA:77,0
DA:78,0
DA:80,0
DA:84,0
DA:85,0
DA:86,0
DA:87,0
DA:88,0
DA:89,0
DA:91,0
DA:93,0
LF:51
LH:0
BRDA:11,0,0,0
BRDA:21,1,0,0
BRDA:21,1,1,0
BRDA:22,2,0,0
BRDA:22,2,1,0
BRDA:27,3,0,0
BRDA:34,4,0,0
BRDA:57,5,0,0
BRDA:70,6,0,0
BRDA:76,7,0,0
BRDA:87,8,0,0
BRF:11
BRH:0
end_of_record
TN:
SF:src\controllers\dashboard.controller.ts
FN:7,(anonymous_0)
FN:20,(anonymous_1)
FN:33,(anonymous_2)
FN:46,(anonymous_3)
FN:59,(anonymous_4)
FN:72,(anonymous_5)
FN:85,(anonymous_6)
FN:98,(anonymous_7)
FN:111,(anonymous_8)
FNF:9
FNH:0
FNDA:0,(anonymous_0)
FNDA:0,(anonymous_1)
FNDA:0,(anonymous_2)
FNDA:0,(anonymous_3)
FNDA:0,(anonymous_4)
FNDA:0,(anonymous_5)
FNDA:0,(anonymous_6)
FNDA:0,(anonymous_7)
FNDA:0,(anonymous_8)
DA:2,0
DA:3,0
DA:5,0
DA:7,0
DA:8,0
DA:9,0
DA:10,0
DA:12,0
DA:13,0
DA:14,0
DA:16,0
DA:20,0
DA:21,0
DA:22,0
DA:23,0
DA:25,0
DA:26,0
DA:27,0
DA:29,0
DA:33,0
DA:34,0
DA:35,0
DA:36,0
DA:38,0
DA:39,0
DA:40,0
DA:42,0
DA:46,0
DA:47,0
DA:48,0
DA:49,0
DA:51,0
DA:52,0
DA:53,0
DA:55,0
DA:59,0
DA:60,0
DA:61,0
DA:62,0
DA:64,0
DA:65,0
DA:66,0
DA:68,0
DA:72,0
DA:73,0
DA:74,0
DA:75,0
DA:77,0
DA:78,0
DA:79,0
DA:81,0
DA:85,0
DA:86,0
DA:87,0
DA:88,0
DA:90,0
DA:91,0
DA:92,0
DA:94,0
DA:98,0
DA:99,0
DA:100,0
DA:101,0
DA:103,0
DA:104,0
DA:105,0
DA:107,0
DA:111,0
DA:112,0
DA:113,0
DA:114,0
DA:116,0
DA:117,0
DA:118,0
DA:120,0
LF:75
LH:0
BRDA:12,0,0,0
BRDA:25,1,0,0
BRDA:38,2,0,0
BRDA:51,3,0,0
BRDA:64,4,0,0
BRDA:77,5,0,0
BRDA:90,6,0,0
BRDA:103,7,0,0
BRDA:116,8,0,0
BRF:9
BRH:0
end_of_record
TN:
SF:src\controllers\department.controller.ts
FN:7,(anonymous_9)
FN:20,(anonymous_10)
FN:54,(anonymous_11)
FN:69,(anonymous_12)
FN:86,(anonymous_13)
FN:99,(anonymous_14)
FN:101,(anonymous_15)
FN:102,(anonymous_16)
FNF:8
FNH:0
FNDA:0,(anonymous_9)
FNDA:0,(anonymous_10)
FNDA:0,(anonymous_11)
FNDA:0,(anonymous_12)
FNDA:0,(anonymous_13)
FNDA:0,(anonymous_14)
FNDA:0,(anonymous_15)
FNDA:0,(anonymous_16)
DA:2,0
DA:3,0
DA:7,0
DA:8,0
DA:9,0
DA:10,0
DA:12,0
DA:13,0
DA:14,0
DA:16,0
DA:20,0
DA:21,0
DA:22,0
DA:23,0
DA:24,0
DA:25,0
DA:27,0
DA:28,0
DA:29,0
DA:34,0
DA:35,0
DA:38,0
DA:48,0
DA:50,0
DA:54,0
DA:55,0
DA:56,0
DA:59,0
DA:60,0
DA:61,0
DA:63,0
DA:65,0
DA:69,0
DA:70,0
DA:71,0
DA:72,0
DA:73,0
DA:74,0
DA:76,0
DA:78,0
DA:79,0
DA:80,0
DA:82,0
DA:86,0
DA:87,0
DA:88,0
DA:89,0
DA:90,0
DA:91,0
DA:93,0
DA:95,0
DA:99,0
DA:100,0
DA:101,0
DA:102,0
DA:104,0
DA:105,0
DA:106,0
DA:107,0
DA:110,0
DA:114,0
DA:116,0
LF:62
LH:0
BRDA:12,0,0,0
BRDA:22,1,0,0
BRDA:22,1,1,0
BRDA:23,2,0,0
BRDA:23,2,1,0
BRDA:28,3,0,0
BRDA:34,4,0,0
BRDA:59,5,0,0
BRDA:72,6,0,0
BRDA:78,7,0,0
BRDA:89,8,0,0
BRDA:105,9,0,0
BRF:12
BRH:0
end_of_record
TN:
SF:src\controllers\doctor.controller.ts
FN:7,(anonymous_0)
FN:20,(anonymous_1)
FN:33,(anonymous_2)
FN:49,(anonymous_3)
FN:65,(anonymous_4)
FN:74,(anonymous_5)
FNF:6
FNH:0
FNDA:0,(anonymous_0)
FNDA:0,(anonymous_1)
FNDA:0,(anonymous_2)
FNDA:0,(anonymous_3)
FNDA:0,(anonymous_4)
FNDA:0,(anonymous_5)
DA:2,0
DA:3,0
DA:5,0
DA:7,0
DA:8,0
DA:9,0
DA:10,0
DA:12,0
DA:13,0
DA:14,0
DA:16,0
DA:20,0
DA:21,0
DA:22,0
DA:23,0
DA:25,0
DA:26,0
DA:27,0
DA:29,0
DA:33,0
DA:34,0
DA:35,0
DA:39,0
DA:41,0
DA:42,0
DA:43,0
DA:45,0
DA:49,0
DA:50,0
DA:51,0
DA:52,0
DA:59,0
DA:61,0
DA:65,0
DA:66,0
DA:67,0
DA:68,0
DA:70,0
DA:74,0
DA:75,0
DA:76,0
DA:77,0
DA:83,0
DA:85,0
LF:44
LH:0
BRDA:12,0,0,0
BRDA:25,1,0,0
BRDA:41,2,0,0
BRDA:51,3,0,0
BRDA:51,4,0,0
BRDA:76,5,0,0
BRDA:76,6,0,0
BRF:7
BRH:0
end_of_record
TN:
SF:src\controllers\inventory.controller.ts
FN:7,(anonymous_0)
FN:20,(anonymous_1)
FN:38,(anonymous_2)
FN:51,(anonymous_3)
FN:64,(anonymous_4)
FN:77,(anonymous_5)
FN:95,(anonymous_6)
FN:104,(anonymous_7)
FNF:8
FNH:0
FNDA:0,(anonymous_0)
FNDA:0,(anonymous_1)
FNDA:0,(anonymous_2)
FNDA:0,(anonymous_3)
FNDA:0,(anonymous_4)
FNDA:0,(anonymous_5)
FNDA:0,(anonymous_6)
FNDA:0,(anonymous_7)
DA:2,0
DA:3,0
DA:5,0
DA:7,0
DA:8,0
DA:9,0
DA:10,0
DA:12,0
DA:13,0
DA:14,0
DA:16,0
DA:20,0
DA:21,0
DA:22,0
DA:32,0
DA:34,0
DA:38,0
DA:39,0
DA:40,0
DA:41,0
DA:43,0
DA:44,0
DA:45,0
DA:47,0
DA:51,0
DA:52,0
DA:53,0
DA:54,0
DA:56,0
DA:57,0
DA:58,0
DA:60,0
DA:64,0
DA:65,0
DA:66,0
DA:67,0
DA:69,0
DA:70,0
DA:71,0
DA:73,0
DA:77,0
DA:78,0
DA:79,0
DA:85,0
DA:87,0
DA:88,0
DA:89,0
DA:91,0
DA:95,0
DA:96,0
DA:97,0
DA:98,0
DA:100,0
DA:104,0
DA:105,0
DA:106,0
DA:107,0
DA:108,0
DA:110,0
LF:59
LH:0
BRDA:12,0,0,0
BRDA:43,1,0,0
BRDA:56,2,0,0
BRDA:69,3,0,0
BRDA:87,4,0,0
BRDA:106,5,0,0
BRDA:106,5,1,0
BRF:7
BRH:0
end_of_record
TN:
SF:src\controllers\lab.controller.ts
FN:7,(anonymous_0)
FN:20,(anonymous_1)
FN:34,(anonymous_2)
FN:47,(anonymous_3)
FN:60,(anonymous_4)
FN:73,(anonymous_5)
FN:88,(anonymous_6)
FN:101,(anonymous_7)
FN:114,(anonymous_8)
FN:127,(anonymous_9)
FN:143,(anonymous_10)
FN:160,(anonymous_11)
FN:173,(anonymous_12)
FN:186,(anonymous_13)
FN:203,(anonymous_14)
FN:207,(anonymous_15)
FNF:16
FNH:0
FNDA:0,(anonymous_0)
FNDA:0,(anonymous_1)
FNDA:0,(anonymous_2)
FNDA:0,(anonymous_3)
FNDA:0,(anonymous_4)
FNDA:0,(anonymous_5)
FNDA:0,(anonymous_6)
FNDA:0,(anonymous_7)
FNDA:0,(anonymous_8)
FNDA:0,(anonymous_9)
FNDA:0,(anonymous_10)
FNDA:0,(anonymous_11)
FNDA:0,(anonymous_12)
FNDA:0,(anonymous_13)
FNDA:0,(anonymous_14)
FNDA:0,(anonymous_15)
DA:2,0
DA:3,0
DA:5,0
DA:7,0
DA:8,0
DA:9,0
DA:10,0
DA:12,0
DA:13,0
DA:14,0
DA:16,0
DA:20,0
DA:21,0
DA:22,0
DA:28,0
DA:30,0
DA:34,0
DA:35,0
DA:36,0
DA:37,0
DA:39,0
DA:40,0
DA:41,0
DA:43,0
DA:47,0
DA:48,0
DA:49,0
DA:50,0
DA:52,0
DA:53,0
DA:54,0
DA:56,0
DA:60,0
DA:61,0
DA:62,0
DA:63,0
DA:65,0
DA:66,0
DA:67,0
DA:69,0
DA:73,0
DA:74,0
DA:75,0
DA:82,0
DA:84,0
DA:88,0
DA:89,0
DA:90,0
DA:91,0
DA:93,0
DA:94,0
DA:95,0
DA:97,0
DA:101,0
DA:102,0
DA:103,0
DA:104,0
DA:106,0
DA:107,0
DA:108,0
DA:110,0
DA:114,0
DA:115,0
DA:116,0
DA:117,0
DA:119,0
DA:120,0
DA:121,0
DA:123,0
DA:127,0
DA:128,0
DA:129,0
DA:133,0
DA:135,0
DA:136,0
DA:137,0
DA:139,0
DA:143,0
DA:144,0
DA:145,0
DA:154,0
DA:156,0
DA:160,0
DA:161,0
DA:162,0
DA:167,0
DA:169,0
DA:173,0
DA:174,0
DA:175,0
DA:176,0
DA:178,0
DA:179,0
DA:180,0
DA:182,0
DA:186,0
DA:187,0
DA:188,0
DA:193,0
DA:195,0
DA:196,0
DA:197,0
DA:199,0
DA:203,0
DA:204,0
DA:205,0
DA:207,0
DA:217,0
DA:219,0
DA:220,0
DA:221,0
DA:223,0
LF:112
LH:0
BRDA:12,0,0,0
BRDA:39,1,0,0
BRDA:52,2,0,0
BRDA:65,3,0,0
BRDA:93,4,0,0
BRDA:106,5,0,0
BRDA:119,6,0,0
BRDA:131,7,0,0
BRDA:131,7,1,0
BRDA:135,8,0,0
BRDA:178,9,0,0
BRDA:195,10,0,0
BRDA:219,11,0,0
BRF:13
BRH:0
end_of_record
TN:
SF:src\controllers\medicalRecord.controller.ts
FN:7,(anonymous_0)
FN:28,(anonymous_1)
FN:43,(anonymous_2)
FN:60,(anonymous_3)
FN:73,(anonymous_4)
FN:92,(anonymous_5)
FN:107,(anonymous_6)
FN:124,(anonymous_7)
FNF:8
FNH:0
FNDA:0,(anonymous_0)
FNDA:0,(anonymous_1)
FNDA:0,(anonymous_2)
FNDA:0,(anonymous_3)
FNDA:0,(anonymous_4)
FNDA:0,(anonymous_5)
FNDA:0,(anonymous_6)
FNDA:0,(anonymous_7)
DA:2,0
DA:3,0
DA:5,0
DA:7,0
DA:8,0
DA:9,0
DA:18,0
DA:20,0
DA:21,0
DA:22,0
DA:24,0
DA:28,0
DA:29,0
DA:30,0
DA:31,0
DA:32,0
DA:37,0
DA:39,0
DA:43,0
DA:44,0
DA:45,0
DA:50,0
DA:52,0
DA:53,0
DA:54,0
DA:56,0
DA:60,0
DA:61,0
DA:62,0
DA:63,0
DA:65,0
DA:66,0
DA:67,0
DA:69,0
DA:73,0
DA:74,0
DA:75,0
DA:82,0
DA:84,0
DA:85,0
DA:86,0
DA:88,0
DA:92,0
DA:93,0
DA:94,0
DA:95,0
DA:96,0
DA:101,0
DA:103,0
DA:107,0
DA:108,0
DA:109,0
DA:114,0
DA:116,0
DA:117,0
DA:118,0
DA:120,0
DA:124,0
DA:125,0
DA:126,0
DA:132,0
DA:134,0
DA:135,0
DA:136,0
DA:138,0
LF:65
LH:0
BRDA:20,0,0,0
BRDA:30,1,0,0
BRDA:30,2,0,0
BRDA:31,3,0,0
BRDA:31,3,1,0
BRDA:52,4,0,0
BRDA:65,5,0,0
BRDA:84,6,0,0
BRDA:94,7,0,0
BRDA:94,8,0,0
BRDA:95,9,0,0
BRDA:95,9,1,0
BRDA:116,10,0,0
BRDA:134,11,0,0
BRF:14
BRH:0
end_of_record
TN:
SF:src\controllers\notification.controller.ts
FN:7,(anonymous_0)
FN:26,(anonymous_1)
FN:39,(anonymous_2)
FN:52,(anonymous_3)
FN:65,(anonymous_4)
FN:78,(anonymous_5)
FN:91,(anonymous_6)
FN:104,(anonymous_7)
FNF:8
FNH:0
FNDA:0,(anonymous_0)
FNDA:0,(anonymous_1)
FNDA:0,(anonymous_2)
FNDA:0,(anonymous_3)
FNDA:0,(anonymous_4)
FNDA:0,(anonymous_5)
FNDA:0,(anonymous_6)
FNDA:0,(anonymous_7)
DA:2,0
DA:3,0
DA:5,0
DA:7,0
DA:8,0
DA:9,0
DA:16,0
DA:18,0
DA:19,0
DA:20,0
DA:22,0
DA:26,0
DA:27,0
DA:28,0
DA:29,0
DA:31,0
DA:32,0
DA:33,0
DA:35,0
DA:39,0
DA:40,0
DA:41,0
DA:42,0
DA:44,0
DA:45,0
DA:46,0
DA:48,0
DA:52,0
DA:53,0
DA:54,0
DA:55,0
DA:57,0
DA:58,0
DA:59,0
DA:61,0
DA:65,0
DA:66,0
DA:67,0
DA:68,0
DA:70,0
DA:71,0
DA:72,0
DA:74,0
DA:78,0
DA:79,0
DA:80,0
DA:81,0
DA:83,0
DA:84,0
DA:85,0
DA:87,0
DA:91,0
DA:92,0
DA:93,0
DA:94,0
DA:96,0
DA:97,0
DA:98,0
DA:100,0
DA:104,0
DA:105,0
DA:106,0
DA:107,0
DA:109,0
DA:110,0
DA:111,0
DA:113,0
LF:67
LH:0
BRDA:18,0,0,0
BRDA:31,1,0,0
BRDA:44,2,0,0
BRDA:57,3,0,0
BRDA:70,4,0,0
BRDA:83,5,0,0
BRDA:96,6,0,0
BRDA:109,7,0,0
BRF:8
BRH:0
end_of_record
TN:
SF:src\controllers\nurse.controller.ts
FN:7,(anonymous_0)
FN:20,(anonymous_1)
FN:33,(anonymous_2)
FN:49,(anonymous_3)
FN:62,(anonymous_4)
FN:75,(anonymous_5)
FN:91,(anonymous_6)
FN:107,(anonymous_7)
FN:117,(anonymous_8)
FN:130,(anonymous_9)
FN:143,(anonymous_10)
FNF:11
FNH:0
FNDA:0,(anonymous_0)
FNDA:0,(anonymous_1)
FNDA:0,(anonymous_2)
FNDA:0,(anonymous_3)
FNDA:0,(anonymous_4)
FNDA:0,(anonymous_5)
FNDA:0,(anonymous_6)
FNDA:0,(anonymous_7)
FNDA:0,(anonymous_8)
FNDA:0,(anonymous_9)
FNDA:0,(anonymous_10)
DA:2,0
DA:3,0
DA:5,0
DA:7,0
DA:8,0
DA:9,0
DA:10,0
DA:12,0
DA:13,0
DA:14,0
DA:16,0
DA:20,0
DA:21,0
DA:22,0
DA:23,0
DA:25,0
DA:26,0
DA:27,0
DA:29,0
DA:33,0
DA:34,0
DA:35,0
DA:43,0
DA:45,0
DA:49,0
DA:50,0
DA:51,0
DA:52,0
DA:54,0
DA:55,0
DA:56,0
DA:58,0
DA:62,0
DA:63,0
DA:64,0
DA:65,0
DA:67,0
DA:68,0
DA:69,0
DA:71,0
DA:75,0
DA:76,0
DA:77,0
DA:81,0
DA:83,0
DA:84,0
DA:85,0
DA:87,0
DA:91,0
DA:92,0
DA:93,0
DA:94,0
DA:101,0
DA:103,0
DA:107,0
DA:108,0
DA:109,0
DA:110,0
DA:111,0
DA:113,0
DA:117,0
DA:118,0
DA:119,0
DA:120,0
DA:122,0
DA:123,0
DA:124,0
DA:126,0
DA:130,0
DA:131,0
DA:132,0
DA:133,0
DA:135,0
DA:136,0
DA:137,0
DA:139,0
DA:143,0
DA:144,0
DA:145,0
DA:146,0
DA:148,0
DA:149,0
DA:150,0
DA:152,0
LF:84
LH:0
BRDA:12,0,0,0
BRDA:25,1,0,0
BRDA:54,2,0,0
BRDA:67,3,0,0
BRDA:83,4,0,0
BRDA:93,5,0,0
BRDA:93,5,1,0
BRDA:109,6,0,0
BRDA:109,6,1,0
BRDA:122,7,0,0
BRDA:135,8,0,0
BRDA:148,9,0,0
BRF:12
BRH:0
end_of_record
TN:
SF:src\controllers\patient.controller.ts
FN:7,(anonymous_0)
FN:21,(anonymous_1)
FN:34,(anonymous_2)
FN:48,(anonymous_3)
FN:62,(anonymous_4)
FNF:5
FNH:0
FNDA:0,(anonymous_0)
FNDA:0,(anonymous_1)
FNDA:0,(anonymous_2)
FNDA:0,(anonymous_3)
FNDA:0,(anonymous_4)
DA:2,0
DA:3,0
DA:5,0
DA:7,0
DA:8,0
DA:9,0
DA:10,0
DA:15,0
DA:17,0
DA:21,0
DA:22,0
DA:23,0
DA:24,0
DA:26,0
DA:27,0
DA:28,0
DA:30,0
DA:34,0
DA:35,0
DA:36,0
DA:37,0
DA:42,0
DA:44,0
DA:48,0
DA:49,0
DA:50,0
DA:51,0
DA:56,0
DA:58,0
DA:62,0
DA:63,0
DA:64,0
DA:65,0
DA:70,0
DA:72,0
LF:35
LH:0
BRDA:9,0,0,0
BRDA:9,1,0,0
BRDA:26,2,0,0
BRDA:36,3,0,0
BRDA:36,4,0,0
BRDA:50,5,0,0
BRDA:50,6,0,0
BRDA:64,7,0,0
BRDA:64,8,0,0
BRF:9
BRH:0
end_of_record
TN:
SF:src\controllers\patientProfile.controller.ts
FN:8,(anonymous_0)
FN:26,(anonymous_1)
FN:39,(anonymous_2)
FN:52,(anonymous_3)
FN:67,(anonymous_4)
FN:80,(anonymous_5)
FN:93,(anonymous_6)
FN:108,(anonymous_7)
FN:121,(anonymous_8)
FN:134,(anonymous_9)
FN:147,(anonymous_10)
FN:164,(anonymous_11)
FN:173,(anonymous_12)
FN:186,(anonymous_13)
FNF:14
FNH:0
FNDA:0,(anonymous_0)
FNDA:0,(anonymous_1)
FNDA:0,(anonymous_2)
FNDA:0,(anonymous_3)
FNDA:0,(anonymous_4)
FNDA:0,(anonymous_5)
FNDA:0,(anonymous_6)
FNDA:0,(anonymous_7)
FNDA:0,(anonymous_8)
FNDA:0,(anonymous_9)
FNDA:0,(anonymous_10)
FNDA:0,(anonymous_11)
FNDA:0,(anonymous_12)
FNDA:0,(anonymous_13)
DA:2,0
DA:3,0
DA:5,0
DA:6,0
DA:8,0
DA:9,0
DA:10,0
DA:11,0
DA:16,0
DA:18,0
DA:19,0
DA:20,0
DA:22,0
DA:26,0
DA:27,0
DA:28,0
DA:29,0
DA:31,0
DA:32,0
DA:33,0
DA:35,0
DA:39,0
DA:40,0
DA:41,0
DA:42,0
DA:44,0
DA:45,0
DA:46,0
DA:48,0
DA:52,0
DA:53,0
DA:54,0
DA:61,0
DA:63,0
DA:67,0
DA:68,0
DA:69,0
DA:70,0
DA:72,0
DA:73,0
DA:74,0
DA:76,0
DA:80,0
DA:81,0
DA:82,0
DA:83,0
DA:85,0
DA:86,0
DA:87,0
DA:89,0
DA:93,0
DA:94,0
DA:95,0
DA:102,0
DA:104,0
DA:108,0
DA:109,0
DA:110,0
DA:111,0
DA:113,0
DA:114,0
DA:115,0
DA:117,0
DA:121,0
DA:122,0
DA:123,0
DA:124,0
DA:126,0
DA:127,0
DA:128,0
DA:130,0
DA:134,0
DA:135,0
DA:136,0
DA:137,0
DA:139,0
DA:140,0
DA:141,0
DA:143,0
DA:147,0
DA:148,0
DA:149,0
DA:154,0
DA:156,0
DA:157,0
DA:158,0
DA:160,0
DA:164,0
DA:165,0
DA:166,0
DA:167,0
DA:169,0
DA:173,0
DA:174,0
DA:175,0
DA:176,0
DA:178,0
DA:179,0
DA:180,0
DA:182,0
DA:186,0
DA:187,0
DA:188,0
DA:189,0
DA:191,0
DA:192,0
DA:193,0
DA:195,0
LF:108
LH:0
BRDA:13,0,0,0
BRDA:13,0,1,0
BRDA:18,1,0,0
BRDA:31,2,0,0
BRDA:44,3,0,0
BRDA:72,4,0,0
BRDA:85,5,0,0
BRDA:113,6,0,0
BRDA:126,7,0,0
BRDA:139,8,0,0
BRDA:156,9,0,0
BRDA:178,10,0,0
BRDA:191,11,0,0
BRF:13
BRH:0
end_of_record
TN:
SF:src\controllers\pharmacy.controller.ts
FN:7,(anonymous_0)
FN:20,(anonymous_1)
FN:37,(anonymous_2)
FN:50,(anonymous_3)
FN:63,(anonymous_4)
FN:76,(anonymous_5)
FN:94,(anonymous_6)
FN:103,(anonymous_7)
FN:113,(anonymous_8)
FN:129,(anonymous_9)
FN:145,(anonymous_10)
FNF:11
FNH:0
FNDA:0,(anonymous_0)
FNDA:0,(anonymous_1)
FNDA:0,(anonymous_2)
FNDA:0,(anonymous_3)
FNDA:0,(anonymous_4)
FNDA:0,(anonymous_5)
FNDA:0,(anonymous_6)
FNDA:0,(anonymous_7)
FNDA:0,(anonymous_8)
FNDA:0,(anonymous_9)
FNDA:0,(anonymous_10)
DA:2,0
DA:3,0
DA:5,0
DA:7,0
DA:8,0
DA:9,0
DA:10,0
DA:12,0
DA:13,0
DA:14,0
DA:16,0
DA:20,0
DA:21,0
DA:22,0
DA:31,0
DA:33,0
DA:37,0
DA:38,0
DA:39,0
DA:40,0
DA:42,0
DA:43,0
DA:44,0
DA:46,0
DA:50,0
DA:51,0
DA:52,0
DA:53,0
DA:55,0
DA:56,0
DA:57,0
DA:59,0
DA:63,0
DA:64,0
DA:65,0
DA:66,0
DA:68,0
DA:69,0
DA:70,0
DA:72,0
DA:76,0
DA:77,0
DA:78,0
DA:84,0
DA:86,0
DA:87,0
DA:88,0
DA:90,0
DA:94,0
DA:95,0
DA:96,0
DA:97,0
DA:99,0
DA:103,0
DA:104,0
DA:105,0
DA:106,0
DA:107,0
DA:109,0
DA:113,0
DA:114,0
DA:115,0
DA:119,0
DA:121,0
DA:122,0
DA:123,0
DA:125,0
DA:129,0
DA:130,0
DA:131,0
DA:139,0
DA:141,0
DA:145,0
DA:146,0
DA:147,0
DA:148,0
DA:150,0
DA:151,0
DA:152,0
DA:154,0
LF:80
LH:0
BRDA:12,0,0,0
BRDA:42,1,0,0
BRDA:55,2,0,0
BRDA:68,3,0,0
BRDA:86,4,0,0
BRDA:105,5,0,0
BRDA:105,5,1,0
BRDA:121,6,0,0
BRDA:150,7,0,0
BRF:9
BRH:0
end_of_record
TN:
SF:src\controllers\radiology.controller.ts
FN:7,(anonymous_0)
FN:20,(anonymous_1)
FN:35,(anonymous_2)
FN:48,(anonymous_3)
FN:61,(anonymous_4)
FN:74,(anonymous_5)
FN:90,(anonymous_6)
FN:107,(anonymous_7)
FN:120,(anonymous_8)
FN:133,(anonymous_9)
FN:150,(anonymous_10)
FN:154,(anonymous_11)
FNF:12
FNH:0
FNDA:0,(anonymous_0)
FNDA:0,(anonymous_1)
FNDA:0,(anonymous_2)
FNDA:0,(anonymous_3)
FNDA:0,(anonymous_4)
FNDA:0,(anonymous_5)
FNDA:0,(anonymous_6)
FNDA:0,(anonymous_7)
FNDA:0,(anonymous_8)
FNDA:0,(anonymous_9)
FNDA:0,(anonymous_10)
FNDA:0,(anonymous_11)
DA:2,0
DA:3,0
DA:5,0
DA:7,0
DA:8,0
DA:9,0
DA:10,0
DA:12,0
DA:13,0
DA:14,0
DA:16,0
DA:20,0
DA:21,0
DA:22,0
DA:29,0
DA:31,0
DA:35,0
DA:36,0
DA:37,0
DA:38,0
DA:40,0
DA:41,0
DA:42,0
DA:44,0
DA:48,0
DA:49,0
DA:50,0
DA:51,0
DA:53,0
DA:54,0
DA:55,0
DA:57,0
DA:61,0
DA:62,0
DA:63,0
DA:64,0
DA:66,0
DA:67,0
DA:68,0
DA:70,0
DA:74,0
DA:75,0
DA:76,0
DA:80,0
DA:82,0
DA:83,0
DA:84,0
DA:86,0
DA:90,0
DA:91,0
DA:92,0
DA:101,0
DA:103,0
DA:107,0
DA:108,0
DA:109,0
DA:114,0
DA:116,0
DA:120,0
DA:121,0
DA:122,0
DA:123,0
DA:125,0
DA:126,0
DA:127,0
DA:129,0
DA:133,0
DA:134,0
DA:135,0
DA:140,0
DA:142,0
DA:143,0
DA:144,0
DA:146,0
DA:150,0
DA:151,0
DA:152,0
DA:154,0
DA:165,0
DA:167,0
DA:168,0
DA:169,0
DA:171,0
LF:83
LH:0
BRDA:12,0,0,0
BRDA:40,1,0,0
BRDA:53,2,0,0
BRDA:66,3,0,0
BRDA:78,4,0,0
BRDA:78,4,1,0
BRDA:82,5,0,0
BRDA:125,6,0,0
BRDA:142,7,0,0
BRDA:162,8,0,0
BRDA:162,8,1,0
BRDA:167,9,0,0
BRF:12
BRH:0
end_of_record
TN:
SF:src\controllers\staff.controller.ts
FN:11,(anonymous_9)
FN:21,(anonymous_10)
FN:54,(anonymous_11)
FN:92,(anonymous_12)
FN:108,(anonymous_13)
FN:128,(anonymous_14)
FN:142,(anonymous_15)
FN:156,(anonymous_16)
FN:196,(anonymous_17)
FN:224,(anonymous_18)
FN:250,(anonymous_19)
FN:270,(anonymous_20)
FN:298,(anonymous_21)
FN:322,(anonymous_22)
FN:346,(anonymous_23)
FN:376,(anonymous_24)
FN:386,(anonymous_25)
FN:387,(anonymous_26)
FN:416,(anonymous_27)
FNF:19
FNH:0
FNDA:0,(anonymous_9)
FNDA:0,(anonymous_10)
FNDA:0,(anonymous_11)
FNDA:0,(anonymous_12)
FNDA:0,(anonymous_13)
FNDA:0,(anonymous_14)
FNDA:0,(anonymous_15)
FNDA:0,(anonymous_16)
FNDA:0,(anonymous_17)
FNDA:0,(anonymous_18)
FNDA:0,(anonymous_19)
FNDA:0,(anonymous_20)
FNDA:0,(anonymous_21)
FNDA:0,(anonymous_22)
FNDA:0,(anonymous_23)
FNDA:0,(anonymous_24)
FNDA:0,(anonymous_25)
FNDA:0,(anonymous_26)
FNDA:0,(anonymous_27)
DA:2,0
DA:3,0
DA:4,0
DA:5,0
DA:6,0
DA:7,0
DA:11,0
DA:12,0
DA:13,0
DA:15,0
DA:16,0
DA:17,0
DA:18,0
DA:21,0
DA:22,0
DA:24,0
DA:36,0
DA:38,0
DA:44,0
DA:46,0
DA:47,0
DA:48,0
DA:50,0
DA:54,0
DA:55,0
DA:56,0
DA:57,0
DA:58,0
DA:59,0
DA:60,0
DA:61,0
DA:63,0
DA:64,0
DA:65,0
DA:66,0
DA:67,0
DA:68,0
DA:75,0
DA:86,0
DA:88,0
DA:92,0
DA:93,0
DA:94,0
DA:98,0
DA:99,0
DA:100,0
DA:102,0
DA:104,0
DA:108,0
DA:109,0
DA:110,0
DA:114,0
DA:115,0
DA:116,0
DA:118,0
DA:120,0
DA:121,0
DA:122,0
DA:124,0
DA:128,0
DA:129,0
DA:130,0
DA:131,0
DA:132,0
DA:133,0
DA:135,0
DA:136,0
DA:138,0
DA:142,0
DA:143,0
DA:144,0
DA:145,0
DA:146,0
DA:147,0
DA:149,0
DA:150,0
DA:152,0
DA:156,0
DA:157,0
DA:158,0
DA:159,0
DA:161,0
DA:162,0
DA:163,0
DA:164,0
DA:167,0
DA:168,0
DA:170,0
DA:171,0
DA:172,0
DA:173,0
DA:174,0
DA:176,0
DA:177,0
DA:178,0
DA:179,0
DA:181,0
DA:190,0
DA:192,0
DA:196,0
DA:197,0
DA:198,0
DA:199,0
DA:201,0
DA:202,0
DA:204,0
DA:205,0
DA:206,0
DA:207,0
DA:209,0
DA:210,0
DA:211,0
DA:214,0
DA:215,0
DA:216,0
DA:218,0
DA:220,0
DA:224,0
DA:225,0
DA:226,0
DA:227,0
DA:228,0
DA:229,0
DA:230,0
DA:232,0
DA:233,0
DA:234,0
DA:235,0
DA:236,0
DA:239,0
DA:244,0
DA:246,0
DA:250,0
DA:251,0
DA:252,0
DA:253,0
DA:254,0
DA:255,0
DA:256,0
DA:258,0
DA:264,0
DA:266,0
DA:270,0
DA:271,0
DA:272,0
DA:273,0
DA:274,0
DA:275,0
DA:277,0
DA:278,0
DA:279,0
DA:281,0
DA:292,0
DA:294,0
DA:298,0
DA:299,0
DA:300,0
DA:311,0
DA:312,0
DA:313,0
DA:316,0
DA:318,0
DA:322,0
DA:323,0
DA:324,0
DA:335,0
DA:336,0
DA:337,0
DA:340,0
DA:342,0
DA:346,0
DA:347,0
DA:348,0
DA:349,0
DA:350,0
DA:351,0
DA:352,0
DA:354,0
DA:355,0
DA:356,0
DA:357,0
DA:359,0
DA:370,0
DA:372,0
DA:376,0
DA:377,0
DA:378,0
DA:380,0
DA:381,0
DA:382,0
DA:383,0
DA:386,0
DA:387,0
DA:388,0
DA:389,0
DA:391,0
DA:392,0
DA:393,0
DA:394,0
DA:397,0
DA:410,0
DA:412,0
DA:416,0
DA:417,0
DA:418,0
DA:419,0
DA:420,0
DA:421,0
DA:422,0
DA:423,0
DA:426,0
DA:429,0
DA:430,0
DA:431,0
DA:434,0
DA:436,0
LF:216
LH:0
BRDA:16,0,0,0
BRDA:22,1,0,0
BRDA:22,1,1,0
BRDA:46,2,0,0
BRDA:56,3,0,0
BRDA:56,3,1,0
BRDA:57,4,0,0
BRDA:57,4,1,0
BRDA:64,5,0,0
BRDA:65,6,0,0
BRDA:66,7,0,0
BRDA:67,8,0,0
BRDA:98,9,0,0
BRDA:114,10,0,0
BRDA:120,11,0,0
BRDA:131,12,0,0
BRDA:145,13,0,0
BRDA:162,14,0,0
BRDA:171,15,0,0
BRDA:171,15,1,0
BRDA:172,16,0,0
BRDA:178,17,0,0
BRDA:205,18,0,0
BRDA:205,19,0,0
BRDA:205,19,1,0
BRDA:209,20,0,0
BRDA:215,21,0,0
BRDA:227,22,0,0
BRDA:227,22,1,0
BRDA:228,23,0,0
BRDA:228,23,1,0
BRDA:229,24,0,0
BRDA:229,24,1,0
BRDA:230,25,0,0
BRDA:230,25,1,0
BRDA:233,26,0,0
BRDA:233,27,0,0
BRDA:233,27,1,0
BRDA:235,28,0,0
BRDA:236,29,0,0
BRDA:272,30,0,0
BRDA:272,30,1,0
BRDA:273,31,0,0
BRDA:273,31,1,0
BRDA:278,32,0,0
BRDA:279,33,0,0
BRDA:311,34,0,0
BRDA:335,35,0,0
BRDA:348,36,0,0
BRDA:348,36,1,0
BRDA:349,37,0,0
BRDA:349,37,1,0
BRDA:350,38,0,0
BRDA:350,38,1,0
BRDA:351,39,0,0
BRDA:351,39,1,0
BRDA:355,40,0,0
BRDA:356,41,0,0
BRDA:357,42,0,0
BRDA:381,43,0,0
BRDA:392,44,0,0
BRDA:419,45,0,0
BRDA:429,46,0,0
BRF:63
BRH:0
end_of_record
TN:
SF:src\controllers\user.controller.ts
FN:8,(anonymous_9)
FN:42,(anonymous_10)
FN:56,(anonymous_11)
FN:91,(anonymous_12)
FN:117,(anonymous_13)
FN:143,(anonymous_14)
FN:151,(anonymous_15)
FNF:7
FNH:0
FNDA:0,(anonymous_9)
FNDA:0,(anonymous_10)
FNDA:0,(anonymous_11)
FNDA:0,(anonymous_12)
FNDA:0,(anonymous_13)
FNDA:0,(anonymous_14)
FNDA:0,(anonymous_15)
DA:2,0
DA:3,0
DA:5,0
DA:6,0
DA:8,0
DA:9,0
DA:10,0
DA:11,0
DA:12,0
DA:13,0
DA:14,0
DA:16,0
DA:17,0
DA:18,0
DA:19,0
DA:20,0
DA:27,0
DA:36,0
DA:38,0
DA:42,0
DA:43,0
DA:44,0
DA:46,0
DA:47,0
DA:48,0
DA:50,0
DA:52,0
DA:56,0
DA:57,0
DA:58,0
DA:59,0
DA:61,0
DA:62,0
DA:63,0
DA:64,0
DA:65,0
DA:69,0
DA:72,0
DA:73,0
DA:74,0
DA:77,0
DA:85,0
DA:87,0
DA:91,0
DA:92,0
DA:93,0
DA:99,0
DA:100,0
DA:101,0
DA:104,0
DA:111,0
DA:113,0
DA:117,0
DA:118,0
DA:119,0
DA:120,0
DA:122,0
DA:123,0
DA:124,0
DA:127,0
DA:128,0
DA:129,0
DA:130,0
DA:133,0
DA:134,0
DA:135,0
DA:137,0
DA:139,0
DA:143,0
DA:144,0
DA:145,0
DA:146,0
DA:147,0
DA:148,0
DA:151,0
DA:152,0
DA:154,0
DA:156,0
LF:78
LH:0
BRDA:10,0,0,0
BRDA:10,0,1,0
BRDA:11,1,0,0
BRDA:11,1,1,0
BRDA:17,2,0,0
BRDA:18,3,0,0
BRDA:19,4,0,0
BRDA:46,5,0,0
BRDA:61,6,0,0
BRDA:63,7,0,0
BRDA:72,8,0,0
BRDA:99,9,0,0
BRDA:122,10,0,0
BRDA:128,11,0,0
BRDA:146,12,0,0
BRDA:152,13,0,0
BRDA:152,13,1,0
BRF:17
BRH:0
end_of_record
TN:
SF:src\controllers\ward.controller.ts
FN:7,(anonymous_0)
FN:20,(anonymous_1)
FN:37,(anonymous_2)
FN:50,(anonymous_3)
FN:63,(anonymous_4)
FN:76,(anonymous_5)
FN:89,(anonymous_6)
FN:102,(anonymous_7)
FN:119,(anonymous_8)
FN:132,(anonymous_9)
FN:145,(anonymous_10)
FN:158,(anonymous_11)
FN:174,(anonymous_12)
FN:190,(anonymous_13)
FN:203,(anonymous_14)
FN:216,(anonymous_15)
FN:229,(anonymous_16)
FNF:17
FNH:0
FNDA:0,(anonymous_0)
FNDA:0,(anonymous_1)
FNDA:0,(anonymous_2)
FNDA:0,(anonymous_3)
FNDA:0,(anonymous_4)
FNDA:0,(anonymous_5)
FNDA:0,(anonymous_6)
FNDA:0,(anonymous_7)
FNDA:0,(anonymous_8)
FNDA:0,(anonymous_9)
FNDA:0,(anonymous_10)
FNDA:0,(anonymous_11)
FNDA:0,(anonymous_12)
FNDA:0,(anonymous_13)
FNDA:0,(anonymous_14)
FNDA:0,(anonymous_15)
FNDA:0,(anonymous_16)
DA:2,0
DA:3,0
DA:5,0
DA:7,0
DA:8,0
DA:9,0
DA:10,0
DA:12,0
DA:13,0
DA:14,0
DA:16,0
DA:20,0
DA:21,0
DA:22,0
DA:31,0
DA:33,0
DA:37,0
DA:38,0
DA:39,0
DA:40,0
DA:42,0
DA:43,0
DA:44,0
DA:46,0
DA:50,0
DA:51,0
DA:52,0
DA:53,0
DA:55,0
DA:56,0
DA:57,0
DA:59,0
DA:63,0
DA:64,0
DA:65,0
DA:66,0
DA:68,0
DA:69,0
DA:70,0
DA:72,0
DA:76,0
DA:77,0
DA:78,0
DA:79,0
DA:81,0
DA:82,0
DA:83,0
DA:85,0
DA:89,0
DA:90,0
DA:91,0
DA:92,0
DA:94,0
DA:95,0
DA:96,0
DA:98,0
DA:102,0
DA:103,0
DA:104,0
DA:113,0
DA:115,0
DA:119,0
DA:120,0
DA:121,0
DA:122,0
DA:124,0
DA:125,0
DA:126,0
DA:128,0
DA:132,0
DA:133,0
DA:134,0
DA:135,0
DA:137,0
DA:138,0
DA:139,0
DA:141,0
DA:145,0
DA:146,0
DA:147,0
DA:148,0
DA:150,0
DA:151,0
DA:152,0
DA:154,0
DA:158,0
DA:159,0
DA:160,0
DA:164,0
DA:166,0
DA:167,0
DA:168,0
DA:170,0
DA:174,0
DA:175,0
DA:176,0
DA:184,0
DA:186,0
DA:190,0
DA:191,0
DA:192,0
DA:193,0
DA:195,0
DA:196,0
DA:197,0
DA:199,0
DA:203,0
DA:204,0
DA:205,0
DA:206,0
DA:208,0
DA:209,0
DA:210,0
DA:212,0
DA:216,0
DA:217,0
DA:218,0
DA:219,0
DA:221,0
DA:222,0
DA:223,0
DA:225,0
DA:229,0
DA:230,0
DA:231,0
DA:232,0
DA:234,0
DA:235,0
DA:236,0
DA:238,0
LF:130
LH:0
BRDA:12,0,0,0
BRDA:42,1,0,0
BRDA:55,2,0,0
BRDA:68,3,0,0
BRDA:81,4,0,0
BRDA:94,5,0,0
BRDA:124,6,0,0
BRDA:137,7,0,0
BRDA:150,8,0,0
BRDA:162,9,0,0
BRDA:162,9,1,0
BRDA:166,10,0,0
BRDA:195,11,0,0
BRDA:205,12,0,0
BRDA:205,12,1,0
BRDA:208,13,0,0
BRDA:221,14,0,0
BRDA:234,15,0,0
BRF:18
BRH:0
end_of_record
TN:
SF:src\middleware\audit.middleware.ts
FN:24,(anonymous_0)
FN:25,(anonymous_1)
FN:27,(anonymous_2)
FN:28,(anonymous_3)
FN:56,(anonymous_4)
FN:57,(anonymous_5)
FN:59,(anonymous_6)
FN:60,(anonymous_7)
FNF:8
FNH:0
FNDA:0,(anonymous_0)
FNDA:0,(anonymous_1)
FNDA:0,(anonymous_2)
FNDA:0,(anonymous_3)
FNDA:0,(anonymous_4)
FNDA:0,(anonymous_5)
FNDA:0,(anonymous_6)
FNDA:0,(anonymous_7)
DA:3,0
DA:5,0
DA:24,0
DA:25,0
DA:26,0
DA:27,0
DA:28,0
DA:29,0
DA:30,0
DA:31,0
DA:32,0
DA:50,0
DA:52,0
DA:56,0
DA:57,0
DA:58,0
DA:59,0
DA:60,0
DA:61,0
DA:62,0
DA:63,0
DA:64,0
DA:65,0
DA:66,0
DA:67,0
DA:86,0
DA:88,0
LF:27
LH:0
BRDA:30,0,0,0
BRDA:30,0,1,0
BRDA:31,1,0,0
BRDA:31,2,0,0
BRDA:31,2,1,0
BRDA:33,3,0,0
BRDA:33,3,1,0
BRDA:62,4,0,0
BRDA:62,4,1,0
BRDA:63,5,0,0
BRDA:63,6,0,0
BRDA:63,6,1,0
BRDA:63,6,2,0
BRDA:64,7,0,0
BRDA:64,7,1,0
BRDA:66,8,0,0
BRF:16
BRH:0
end_of_record
TN:
SF:src\middleware\auth.middleware.ts
FN:6,(anonymous_0)
FNF:1
FNH:0
FNDA:0,(anonymous_0)
DA:2,0
DA:4,0
DA:6,0
DA:11,0
DA:12,0
DA:13,0
DA:14,0
DA:15,0
DA:18,0
DA:19,0
DA:21,0
DA:22,0
DA:23,0
DA:24,0
DA:27,0
DA:28,0
DA:30,0
LF:17
LH:0
BRDA:13,0,0,0
BRDA:13,1,0,0
BRDA:13,1,1,0
BRDA:22,2,0,0
BRDA:22,3,0,0
BRDA:22,3,1,0
BRF:6
BRH:0
end_of_record
TN:
SF:src\middleware\error.middleware.ts
FN:5,(anonymous_0)
FN:28,(anonymous_1)
FNF:2
FNH:0
FNDA:0,(anonymous_0)
FNDA:0,(anonymous_1)
DA:2,0
DA:3,0
DA:5,0
DA:11,0
DA:13,0
DA:24,0
DA:25,0
DA:28,0
DA:30,0
DA:33,0
DA:34,0
DA:35,0
DA:39,0
DA:42,0
DA:43,0
DA:44,0
DA:47,0
DA:48,0
DA:49,0
DA:52,0
DA:53,0
DA:57,0
DA:60,0
DA:61,0
DA:62,0
DA:66,0
DA:68,0
DA:72,0
DA:75,0
DA:76,0
DA:80,0
LF:31
LH:0
BRDA:21,0,0,0
BRDA:21,0,1,0
BRDA:24,1,0,0
BRDA:33,2,0,0
BRDA:42,3,0,0
BRDA:47,4,0,0
BRDA:52,5,0,0
BRDA:60,6,0,0
BRDA:61,7,0,0
BRDA:75,8,0,0
BRDA:75,8,1,0
BRDA:76,9,0,0
BRDA:76,9,1,0
BRDA:76,10,0,0
BRDA:76,10,1,0
BRDA:78,11,0,0
BRDA:78,11,1,0
BRF:17
BRH:0
end_of_record
TN:
SF:src\middleware\rateLimit.middleware.ts
FNF:0
FNH:0
DA:1,0
DA:3,0
DA:14,0
LF:3
LH:0
BRF:0
BRH:0
end_of_record
TN:
SF:src\middleware\requestId.middleware.ts
FN:4,(anonymous_1)
FN:13,(anonymous_2)
FNF:2
FNH:0
FNDA:0,(anonymous_1)
FNDA:0,(anonymous_2)
DA:2,0
DA:4,0
DA:5,0
DA:7,0
DA:8,0
DA:10,0
DA:13,0
DA:14,0
LF:8
LH:0
BRDA:5,0,0,0
BRDA:5,0,1,0
BRDA:14,1,0,0
BRDA:14,1,1,0
BRF:4
BRH:0
end_of_record
TN:
SF:src\middleware\role.middleware.ts
FN:4,(anonymous_0)
FN:5,(anonymous_1)
FNF:2
FNH:0
FNDA:0,(anonymous_0)
FNDA:0,(anonymous_1)
DA:4,0
DA:5,0
DA:6,0
DA:7,0
DA:8,0
DA:11,0
DA:12,0
DA:13,0
DA:16,0
DA:17,0
DA:18,0
DA:21,0
LF:12
LH:0
BRDA:6,0,0,0
BRDA:11,1,0,0
BRDA:16,2,0,0
BRF:3
BRH:0
end_of_record
TN:
SF:src\middleware\validate.middleware.ts
FN:4,(anonymous_0)
FN:5,(anonymous_1)
FNF:2
FNH:0
FNDA:0,(anonymous_0)
FNDA:0,(anonymous_1)
DA:4,0
DA:5,0
DA:6,0
DA:7,0
DA:8,0
DA:13,0
DA:15,0
DA:16,0
LF:8
LH:0
BRDA:7,0,0,0
BRF:1
BRH:0
end_of_record
TN:
SF:src\middleware\validateObjectId.middleware.ts
FN:4,(anonymous_0)
FN:5,(anonymous_1)
FN:20,(anonymous_2)
FN:21,(anonymous_3)
FNF:4
FNH:0
FNDA:0,(anonymous_0)
FNDA:0,(anonymous_1)
FNDA:0,(anonymous_2)
FNDA:0,(anonymous_3)
DA:4,0
DA:5,0
DA:6,0
DA:8,0
DA:9,0
DA:13,0
DA:16,0
DA:20,0
DA:21,0
DA:22,0
DA:23,0
DA:25,0
DA:26,0
DA:30,0
DA:34,0
LF:15
LH:0
BRDA:4,0,0,0
BRDA:8,1,0,0
BRDA:8,2,0,0
BRDA:8,2,1,0
BRDA:25,3,0,0
BRDA:25,4,0,0
BRDA:25,4,1,0
BRF:7
BRH:0
end_of_record
TN:
SF:src\models\Admission.ts
FNF:0
FNH:0
DA:1,0
DA:18,0
DA:42,0
DA:43,0
DA:44,0
DA:45,0
DA:46,0
DA:48,0
LF:8
LH:0
BRF:0
BRH:0
end_of_record
TN:
SF:src\models\Appointment.ts
FNF:0
FNH:0
DA:1,0
DA:18,0
DA:42,0
DA:43,0
DA:44,0
DA:45,0
DA:47,0
LF:7
LH:0
BRF:0
BRH:0
end_of_record
TN:
SF:src\models\Attendance.ts
FNF:0
FNH:0
DA:1,0
DA:18,0
DA:38,0
DA:39,0
DA:40,0
DA:42,0
LF:6
LH:0
BRF:0
BRH:0
end_of_record
TN:
SF:src\models\AuditLog.ts
FNF:0
FNH:0
DA:1,1
DA:16,1
DA:30,1
DA:31,1
DA:32,1
DA:33,1
DA:35,1
LF:7
LH:7
BRF:0
BRH:0
end_of_record
TN:
SF:src\models\Bed.ts
FNF:0
FNH:0
DA:1,0
DA:15,0
DA:36,0
DA:37,0
DA:38,0
DA:40,0
LF:6
LH:0
BRF:0
BRH:0
end_of_record
TN:
SF:src\models\Bill.ts
FNF:0
FNH:0
DA:1,0
DA:32,0
DA:72,0
DA:73,0
DA:74,0
DA:75,0
DA:76,0
DA:78,0
LF:8
LH:0
BRF:0
BRH:0
end_of_record
TN:
SF:src\models\Branch.ts
FNF:0
FNH:0
DA:1,0
DA:22,0
DA:42,0
DA:43,0
DA:44,0
DA:46,0
LF:6
LH:0
BRF:0
BRH:0
end_of_record
TN:
SF:src\models\Department.ts
FNF:0
FNH:0
DA:1,0
DA:14,0
DA:26,0
DA:27,0
DA:28,0
DA:30,0
LF:6
LH:0
BRF:0
BRH:0
end_of_record
TN:
SF:src\models\DoctorProfile.ts
FNF:0
FNH:0
DA:1,0
DA:34,0
DA:75,0
DA:76,0
DA:77,0
DA:79,0
LF:6
LH:0
BRF:0
BRH:0
end_of_record
TN:
SF:src\models\Insurance.ts
FNF:0
FNH:0
DA:1,0
DA:19,0
DA:41,0
DA:42,0
DA:44,0
LF:5
LH:0
BRF:0
BRH:0
end_of_record
TN:
SF:src\models\InventoryItem.ts
FNF:0
FNH:0
DA:1,0
DA:22,0
DA:50,0
DA:51,0
DA:52,0
DA:53,0
DA:54,0
DA:56,0
LF:8
LH:0
BRF:0
BRH:0
end_of_record
TN:
SF:src\models\LabTest.ts
FNF:0
FNH:0
DA:1,0
DA:18,0
DA:34,0
DA:35,0
DA:36,0
DA:37,0
DA:39,0
LF:7
LH:0
BRF:0
BRH:0
end_of_record
TN:
SF:src\models\LabTestCategory.ts
FNF:0
FNH:0
DA:1,0
DA:11,0
DA:20,0
DA:22,0
LF:4
LH:0
BRF:0
BRH:0
end_of_record
TN:
SF:src\models\LabTestRequest.ts
FNF:0
FNH:0
DA:1,0
DA:29,0
DA:68,0
DA:69,0
DA:70,0
DA:71,0
DA:73,0
LF:7
LH:0
BRF:0
BRH:0
end_of_record
TN:
SF:src\models\LeaveRequest.ts
FNF:0
FNH:0
DA:1,0
DA:22,0
DA:52,0
DA:53,0
DA:54,0
DA:55,0
DA:57,0
LF:7
LH:0
BRF:0
BRH:0
end_of_record
TN:
SF:src\models\MedicalRecord.ts
FNF:0
FNH:0
DA:1,0
DA:15,0
DA:33,0
DA:34,0
DA:36,0
LF:5
LH:0
BRF:0
BRH:0
end_of_record
TN:
SF:src\models\Medicine.ts
FNF:0
FNH:0
DA:1,0
DA:22,0
DA:42,0
DA:43,0
DA:44,0
DA:45,0
DA:46,0
DA:47,0
DA:49,0
LF:9
LH:0
BRF:0
BRH:0
end_of_record
TN:
SF:src\models\Notification.ts
FNF:0
FNH:0
DA:1,1
DA:29,1
DA:63,1
DA:64,1
DA:65,1
DA:67,1
LF:6
LH:6
BRF:0
BRH:0
end_of_record
TN:
SF:src\models\NurseProfile.ts
FNF:0
FNH:0
DA:1,0
DA:17,0
DA:36,0
DA:37,0
DA:38,0
DA:40,0
LF:6
LH:0
BRF:0
BRH:0
end_of_record
TN:
SF:src\models\PatientInsurance.ts
FNF:0
FNH:0
DA:1,0
DA:15,0
DA:28,0
DA:29,0
DA:30,0
DA:32,0
LF:6
LH:0
BRF:0
BRH:0
end_of_record
TN:
SF:src\models\PatientProfile.ts
FNF:0
FNH:0
DA:1,0
DA:47,0
DA:104,0
DA:105,0
DA:107,0
LF:5
LH:0
BRF:0
BRH:0
end_of_record
TN:
SF:src\models\Payment.ts
FNF:0
FNH:0
DA:1,0
DA:16,0
DA:34,0
DA:35,0
DA:36,0
DA:38,0
LF:6
LH:0
BRF:0
BRH:0
end_of_record
TN:
SF:src\models\Payroll.ts
FNF:0
FNH:0
DA:1,0
DA:29,0
DA:64,0
DA:65,0
DA:66,0
DA:68,0
LF:6
LH:0
BRF:0
BRH:0
end_of_record
TN:
SF:src\models\PharmacySale.ts
FNF:0
FNH:0
DA:1,0
DA:26,0
DA:60,0
DA:61,0
DA:62,0
DA:63,0
DA:65,0
LF:7
LH:0
BRF:0
BRH:0
end_of_record
TN:
SF:src\models\Prescription.ts
FNF:0
FNH:0
DA:1,0
DA:20,0
DA:44,0
DA:45,0
DA:47,0
LF:5
LH:0
BRF:0
BRH:0
end_of_record
TN:
SF:src\models\RadiologyRequest.ts
FNF:0
FNH:0
DA:1,0
DA:28,0
DA:66,0
DA:67,0
DA:68,0
DA:69,0
DA:71,0
LF:7
LH:0
BRF:0
BRH:0
end_of_record
TN:
SF:src\models\RadiologyTest.ts
FNF:0
FNH:0
DA:1,0
DA:15,0
DA:28,0
DA:29,0
DA:30,0
DA:31,0
DA:33,0
LF:7
LH:0
BRF:0
BRH:0
end_of_record
TN:
SF:src\models\Service.ts
FNF:0
FNH:0
DA:1,0
DA:15,0
DA:28,0
DA:29,0
DA:30,0
DA:31,0
DA:33,0
LF:7
LH:0
BRF:0
BRH:0
end_of_record
TN:
SF:src\models\Staff.ts
FNF:0
FNH:0
DA:1,0
DA:40,0
DA:88,0
DA:89,0
DA:90,0
DA:91,0
DA:92,0
DA:93,0
DA:95,0
LF:9
LH:0
BRF:0
BRH:0
end_of_record
TN:
SF:src\models\StaffRequest.ts
FNF:0
FNH:0
DA:1,0
DA:17,0
DA:40,0
DA:41,0
DA:43,0
LF:5
LH:0
BRF:0
BRH:0
end_of_record
TN:
SF:src\models\User.ts
FNF:0
FNH:0
DA:1,1
DA:36,1
DA:73,1
DA:74,1
DA:75,1
DA:77,1
LF:6
LH:6
BRF:0
BRH:0
end_of_record
TN:
SF:src\models\VitalSign.ts
FNF:0
FNH:0
DA:1,0
DA:27,0
DA:55,0
DA:56,0
DA:57,0
DA:59,0
LF:6
LH:0
BRF:0
BRH:0
end_of_record
TN:
SF:src\models\Ward.ts
FNF:0
FNH:0
DA:1,0
DA:17,0
DA:40,0
DA:41,0
DA:42,0
DA:44,0
LF:6
LH:0
BRF:0
BRH:0
end_of_record
TN:
SF:src\routes\admin.routes.ts
FNF:0
FNH:0
DA:1,0
DA:2,0
DA:13,0
DA:14,0
DA:16,0
DA:18,0
DA:19,0
DA:21,0
DA:22,0
DA:23,0
DA:24,0
DA:26,0
DA:27,0
DA:28,0
DA:29,0
DA:30,0
DA:32,0
LF:17
LH:0
BRF:0
BRH:0
end_of_record
TN:
SF:src\routes\appointment.routes.ts
FNF:0
FNH:0
DA:1,0
DA:2,0
DA:10,0
DA:11,0
DA:12,0
DA:14,0
DA:16,0
DA:18,0
DA:19,0
DA:20,0
DA:21,0
DA:22,0
DA:23,0
DA:25,0
LF:14
LH:0
BRF:0
BRH:0
end_of_record
TN:
SF:src\routes\auditLog.routes.ts
FNF:0
FNH:0
DA:1,0
DA:2,0
DA:10,0
DA:11,0
DA:13,0
DA:15,0
DA:16,0
DA:18,0
DA:19,0
DA:20,0
DA:21,0
DA:22,0
DA:23,0
DA:25,0
LF:14
LH:0
BRF:0
BRH:0
end_of_record
TN:
SF:src\routes\auth.routes.ts
FNF:0
FNH:0
DA:1,0
DA:2,0
DA:14,0
DA:15,0
DA:16,0
DA:26,0
DA:28,0
DA:54,0
DA:94,0
DA:132,0
DA:158,0
DA:184,0
DA:209,0
DA:239,0
DA:266,0
DA:291,0
DA:319,0
DA:321,0
LF:18
LH:0
BRF:0
BRH:0
end_of_record
TN:
SF:src\routes\billing.routes.ts
FNF:0
FNH:0
DA:1,0
DA:2,0
DA:18,0
DA:19,0
DA:20,0
DA:21,0
DA:22,0
DA:24,0
DA:26,0
DA:28,0
DA:29,0
DA:30,0
DA:32,0
DA:34,0
DA:35,0
DA:36,0
DA:37,0
DA:38,0
DA:40,0
DA:42,0
DA:43,0
DA:44,0
DA:45,0
DA:47,0
DA:49,0
LF:25
LH:0
BRF:0
BRH:0
end_of_record
TN:
SF:src\routes\branch.routes.ts
FNF:0
FNH:0
DA:1,0
DA:2,0
DA:9,0
DA:10,0
DA:11,0
DA:12,0
DA:14,0
DA:16,0
DA:17,0
DA:19,0
DA:20,0
DA:21,0
DA:22,0
DA:23,0
DA:25,0
LF:15
LH:0
BRF:0
BRH:0
end_of_record
TN:
SF:src\routes\dashboard.routes.ts
FNF:0
FNH:0
DA:1,0
DA:2,0
DA:13,0
DA:14,0
DA:16,0
DA:18,0
DA:20,0
DA:21,0
DA:22,0
DA:23,0
DA:24,0
DA:25,0
DA:26,0
DA:27,0
DA:28,0
DA:30,0
LF:16
LH:0
BRF:0
BRH:0
end_of_record
TN:
SF:src\routes\department.routes.ts
FNF:0
FNH:0
DA:1,0
DA:2,0
DA:10,0
DA:11,0
DA:12,0
DA:13,0
DA:15,0
DA:17,0
DA:18,0
DA:20,0
DA:21,0
DA:22,0
DA:23,0
DA:24,0
DA:25,0
DA:27,0
LF:16
LH:0
BRF:0
BRH:0
end_of_record
TN:
SF:src\routes\doctor.routes.ts
FNF:0
FNH:0
DA:1,0
DA:2,0
DA:10,0
DA:11,0
DA:12,0
DA:13,0
DA:15,0
DA:18,0
DA:21,0
DA:22,0
DA:29,0
DA:36,0
DA:42,0
DA:44,0
LF:14
LH:0
BRF:0
BRH:0
end_of_record
TN:
SF:src\routes\inventory.routes.ts
FNF:0
FNH:0
DA:1,0
DA:2,0
DA:12,0
DA:13,0
DA:14,0
DA:15,0
DA:17,0
DA:19,0
DA:21,0
DA:22,0
DA:23,0
DA:24,0
DA:26,0
DA:28,0
DA:29,0
DA:30,0
DA:31,0
DA:33,0
LF:18
LH:0
BRF:0
BRH:0
end_of_record
TN:
SF:src\routes\lab.routes.ts
FNF:0
FNH:0
DA:1,0
DA:2,0
DA:19,0
DA:20,0
DA:21,0
DA:22,0
DA:23,0
DA:31,0
DA:33,0
DA:35,0
DA:36,0
DA:38,0
DA:40,0
DA:41,0
DA:42,0
DA:44,0
DA:45,0
DA:46,0
DA:47,0
DA:49,0
DA:51,0
DA:52,0
DA:53,0
DA:55,0
DA:57,0
DA:59,0
DA:61,0
DA:62,0
DA:64,0
LF:29
LH:0
BRF:0
BRH:0
end_of_record
TN:
SF:src\routes\medicalRecord.routes.ts
FNF:0
FNH:0
DA:1,0
DA:2,0
DA:12,0
DA:13,0
DA:14,0
DA:16,0
DA:18,0
DA:20,0
DA:21,0
DA:22,0
DA:23,0
DA:24,0
DA:26,0
DA:27,0
DA:28,0
DA:29,0
DA:30,0
DA:32,0
LF:18
LH:0
BRF:0
BRH:0
end_of_record
TN:
SF:src\routes\notification.routes.ts
FNF:0
FNH:0
DA:1,0
DA:2,0
DA:12,0
DA:15,0
DA:17,0
DA:19,0
DA:20,0
DA:21,0
DA:22,0
DA:23,0
DA:24,0
DA:25,0
DA:26,0
DA:28,0
LF:14
LH:0
BRF:0
BRH:0
end_of_record
TN:
SF:src\routes\nurse.routes.ts
FNF:0
FNH:0
DA:1,0
DA:2,0
DA:15,0
DA:16,0
DA:17,0
DA:18,0
DA:20,0
DA:22,0
DA:24,0
DA:25,0
DA:32,0
DA:33,0
DA:34,0
DA:35,0
DA:36,0
DA:38,0
DA:40,0
DA:41,0
DA:42,0
DA:44,0
DA:46,0
DA:48,0
LF:22
LH:0
BRF:0
BRH:0
end_of_record
TN:
SF:src\routes\patient.routes.ts
FNF:0
FNH:0
DA:1,0
DA:2,0
DA:9,0
DA:10,0
DA:11,0
DA:12,0
DA:14,0
DA:16,0
DA:18,0
DA:19,0
DA:20,0
DA:26,0
DA:27,0
DA:29,0
LF:14
LH:0
BRF:0
BRH:0
end_of_record
TN:
SF:src\routes\patientProfile.routes.ts
FNF:0
FNH:0
DA:1,0
DA:2,0
DA:18,0
DA:19,0
DA:20,0
DA:21,0
DA:22,0
DA:24,0
DA:26,0
DA:28,0
DA:29,0
DA:31,0
DA:33,0
DA:34,0
DA:35,0
DA:37,0
DA:38,0
DA:39,0
DA:40,0
DA:41,0
DA:43,0
DA:44,0
DA:45,0
DA:46,0
DA:48,0
LF:25
LH:0
BRF:0
BRH:0
end_of_record
TN:
SF:src\routes\pharmacy.routes.ts
FNF:0
FNH:0
DA:1,0
DA:2,0
DA:15,0
DA:16,0
DA:17,0
DA:18,0
DA:20,0
DA:22,0
DA:24,0
DA:25,0
DA:26,0
DA:27,0
DA:29,0
DA:31,0
DA:32,0
DA:33,0
DA:34,0
DA:35,0
DA:36,0
DA:38,0
DA:40,0
LF:21
LH:0
BRF:0
BRH:0
end_of_record
TN:
SF:src\routes\radiology.routes.ts
FNF:0
FNH:0
DA:1,0
DA:2,0
DA:15,0
DA:16,0
DA:17,0
DA:18,0
DA:26,0
DA:28,0
DA:30,0
DA:32,0
DA:34,0
DA:35,0
DA:36,0
DA:37,0
DA:39,0
DA:41,0
DA:42,0
DA:43,0
DA:45,0
DA:47,0
DA:49,0
DA:51,0
DA:52,0
DA:54,0
LF:24
LH:0
BRF:0
BRH:0
end_of_record
TN:
SF:src\routes\staff.routes.ts
FNF:0
FNH:0
DA:1,0
DA:2,0
DA:20,0
DA:21,0
DA:22,0
DA:23,0
DA:24,0
DA:35,0
DA:37,0
DA:40,0
DA:41,0
DA:42,0
DA:43,0
DA:44,0
DA:45,0
DA:48,0
DA:49,0
DA:50,0
DA:53,0
DA:54,0
DA:55,0
DA:56,0
DA:59,0
DA:60,0
DA:61,0
DA:63,0
LF:26
LH:0
BRF:0
BRH:0
end_of_record
TN:
SF:src\routes\user.routes.ts
FNF:0
FNH:0
DA:1,0
DA:2,0
DA:10,0
DA:11,0
DA:12,0
DA:13,0
DA:14,0
DA:16,0
DA:18,0
DA:20,0
DA:21,0
DA:22,0
DA:23,0
DA:24,0
DA:26,0
DA:28,0
LF:16
LH:0
BRF:0
BRH:0
end_of_record
TN:
SF:src\routes\ward.routes.ts
FNF:0
FNH:0
DA:1,0
DA:2,0
DA:21,0
DA:22,0
DA:23,0
DA:24,0
DA:25,0
DA:27,0
DA:29,0
DA:31,0
DA:32,0
DA:33,0
DA:35,0
DA:37,0
DA:38,0
DA:39,0
DA:41,0
DA:42,0
DA:43,0
DA:44,0
DA:45,0
DA:47,0
DA:49,0
DA:50,0
DA:51,0
DA:52,0
DA:54,0
DA:56,0
DA:57,0
DA:59,0
LF:30
LH:0
BRF:0
BRH:0
end_of_record
TN:
SF:src\services\admin.service.ts
FN:10,(anonymous_9)
FN:28,(anonymous_10)
FN:39,(anonymous_11)
FN:100,(anonymous_12)
FN:138,(anonymous_13)
FN:164,(anonymous_14)
FN:176,(anonymous_15)
FN:186,(anonymous_16)
FN:198,(anonymous_17)
FN:208,(anonymous_18)
FN:209,(anonymous_19)
FN:210,(anonymous_20)
FNF:12
FNH:0
FNDA:0,(anonymous_9)
FNDA:0,(anonymous_10)
FNDA:0,(anonymous_11)
FNDA:0,(anonymous_12)
FNDA:0,(anonymous_13)
FNDA:0,(anonymous_14)
FNDA:0,(anonymous_15)
FNDA:0,(anonymous_16)
FNDA:0,(anonymous_17)
FNDA:0,(anonymous_18)
FNDA:0,(anonymous_19)
FNDA:0,(anonymous_20)
DA:1,0
DA:2,0
DA:3,0
DA:4,0
DA:5,0
DA:6,0
DA:7,0
DA:9,0
DA:15,0
DA:16,0
DA:18,0
DA:19,0
DA:25,0
DA:29,0
DA:33,0
DA:34,0
DA:36,0
DA:40,0
DA:41,0
DA:42,0
DA:45,0
DA:46,0
DA:49,0
DA:50,0
DA:51,0
DA:54,0
DA:55,0
DA:57,0
DA:69,0
DA:70,0
DA:71,0
DA:72,0
DA:74,0
DA:76,0
DA:89,0
DA:105,0
DA:106,0
DA:107,0
DA:110,0
DA:111,0
DA:114,0
DA:115,0
DA:116,0
DA:117,0
DA:118,0
DA:120,0
DA:122,0
DA:135,0
DA:144,0
DA:145,0
DA:146,0
DA:147,0
DA:154,0
DA:155,0
DA:161,0
DA:165,0
DA:166,0
DA:167,0
DA:170,0
DA:171,0
DA:173,0
DA:177,0
DA:180,0
DA:181,0
DA:183,0
DA:187,0
DA:188,0
DA:189,0
DA:192,0
DA:193,0
DA:195,0
DA:199,0
DA:200,0
DA:201,0
DA:204,0
DA:205,0
DA:208,0
DA:209,0
DA:210,0
DA:211,0
DA:212,0
DA:213,0
DA:215,0
DA:217,0
LF:84
LH:0
BRDA:12,0,0,0
BRDA:13,1,0,0
BRDA:16,2,0,0
BRDA:33,3,0,0
BRDA:41,4,0,0
BRDA:45,5,0,0
BRDA:50,6,0,0
BRDA:106,7,0,0
BRDA:110,8,0,0
BRDA:141,9,0,0
BRDA:142,10,0,0
BRDA:145,11,0,0
BRDA:146,12,0,0
BRDA:166,13,0,0
BRDA:180,14,0,0
BRDA:188,15,0,0
BRDA:200,16,0,0
BRDA:204,17,0,0
BRDA:204,18,0,0
BRDA:204,18,1,0
BRF:20
BRH:0
end_of_record
TN:
SF:src\services\auditLog.service.ts
FN:5,(anonymous_0)
FN:41,(anonymous_1)
FN:52,(anonymous_2)
FN:59,(anonymous_3)
FN:70,(anonymous_4)
FN:75,(anonymous_5)
FNF:6
FNH:0
FNDA:0,(anonymous_0)
FNDA:0,(anonymous_1)
FNDA:0,(anonymous_2)
FNDA:0,(anonymous_3)
FNDA:0,(anonymous_4)
FNDA:0,(anonymous_5)
DA:1,0
DA:2,0
DA:4,0
DA:14,0
DA:15,0
DA:16,0
DA:17,0
DA:19,0
DA:20,0
DA:21,0
DA:22,0
DA:23,0
DA:24,0
DA:25,0
DA:29,0
DA:30,0
DA:31,0
DA:32,0
DA:38,0
DA:42,0
DA:43,0
DA:45,0
DA:46,0
DA:47,0
DA:49,0
DA:53,0
DA:56,0
DA:60,0
DA:61,0
DA:63,0
DA:64,0
DA:65,0
DA:67,0
DA:71,0
DA:72,0
DA:79,0
DA:80,0
DA:81,0
DA:82,0
DA:83,0
DA:84,0
DA:85,0
DA:86,0
DA:90,0
DA:102,0
DA:113,0
LF:46
LH:0
BRDA:15,0,0,0
BRDA:16,1,0,0
BRDA:17,2,0,0
BRDA:19,3,0,0
BRDA:19,4,0,0
BRDA:19,4,1,0
BRDA:21,5,0,0
BRDA:22,6,0,0
BRDA:29,7,0,0
BRDA:29,7,1,0
BRDA:30,8,0,0
BRDA:30,8,1,0
BRDA:42,9,0,0
BRDA:46,10,0,0
BRDA:60,11,0,0
BRDA:64,12,0,0
BRDA:80,13,0,0
BRDA:80,14,0,0
BRDA:80,14,1,0
BRDA:82,15,0,0
BRDA:83,16,0,0
BRF:21
BRH:0
end_of_record
TN:
SF:src\services\auth.service.ts
FN:17,(anonymous_10)
FN:22,(anonymous_11)
FN:27,(anonymous_12)
FN:65,(anonymous_13)
FN:78,(anonymous_14)
FN:95,(anonymous_15)
FN:153,(anonymous_16)
FN:178,(anonymous_17)
FN:248,(anonymous_18)
FN:278,(anonymous_19)
FN:280,(anonymous_20)
FN:295,(anonymous_21)
FN:301,(anonymous_22)
FN:310,(anonymous_23)
FN:318,(anonymous_24)
FN:349,(anonymous_25)
FN:371,(anonymous_26)
FN:389,(anonymous_27)
FN:413,(anonymous_28)
FNF:19
FNH:11
FNDA:45,(anonymous_10)
FNDA:18,(anonymous_11)
FNDA:0,(anonymous_12)
FNDA:0,(anonymous_13)
FNDA:0,(anonymous_14)
FNDA:18,(anonymous_15)
FNDA:32,(anonymous_16)
FNDA:44,(anonymous_17)
FNDA:18,(anonymous_18)
FNDA:7,(anonymous_19)
FNDA:19,(anonymous_20)
FNDA:1,(anonymous_21)
FNDA:1,(anonymous_22)
FNDA:0,(anonymous_23)
FNDA:0,(anonymous_24)
FNDA:0,(anonymous_25)
FNDA:0,(anonymous_26)
FNDA:0,(anonymous_27)
FNDA:14,(anonymous_28)
DA:1,1
DA:2,1
DA:3,1
DA:8,1
DA:9,1
DA:14,1
DA:15,1
DA:17,1
DA:18,45
DA:19,45
DA:22,1
DA:23,18
DA:26,1
DA:36,0
DA:37,0
DA:38,0
DA:41,0
DA:42,0
DA:43,0
DA:45,0
DA:58,0
DA:60,0
DA:73,0
DA:74,0
DA:75,0
DA:78,0
DA:79,0
DA:80,0
DA:81,0
DA:84,0
DA:92,0
DA:96,18
DA:97,18
DA:98,0
DA:101,18
DA:102,0
DA:105,18
DA:106,18
DA:107,0
DA:110,18
DA:111,18
DA:112,18
DA:114,18
DA:118,18
DA:119,18
DA:120,18
DA:127,18
DA:129,18
DA:130,18
DA:132,18
DA:139,18
DA:154,32
DA:155,1
DA:159,31
DA:160,31
DA:162,3
DA:165,28
DA:166,0
DA:169,28
DA:170,28
DA:171,1
DA:174,27
DA:175,1
DA:178,44
DA:180,26
DA:181,0
DA:184,26
DA:185,7
DA:186,7
DA:189,19
DA:190,1
DA:193,18
DA:194,18
DA:195,18
DA:197,18
DA:198,18
DA:200,18
DA:201,18
DA:203,18
DA:204,18
DA:206,18
DA:207,18
DA:209,0
DA:217,0
DA:218,0
DA:219,0
DA:221,0
DA:228,0
DA:230,18
DA:231,18
DA:232,18
DA:237,18
DA:239,18
DA:242,0
DA:244,18
DA:256,18
DA:258,18
DA:266,18
DA:268,16
DA:275,16
DA:279,7
DA:280,7
DA:281,19
DA:282,19
DA:285,7
DA:287,7
DA:296,1
DA:297,1
DA:298,0
DA:301,1
DA:302,1
DA:303,1
DA:304,1
DA:307,1
DA:311,0
DA:312,0
DA:313,0
DA:315,0
DA:319,0
DA:320,0
DA:321,0
DA:324,0
DA:325,0
DA:328,0
DA:329,0
DA:332,0
DA:333,0
DA:336,0
DA:337,0
DA:338,0
DA:341,0
DA:342,0
DA:343,0
DA:344,0
DA:346,0
DA:350,0
DA:351,0
DA:352,0
DA:355,0
DA:356,0
DA:359,0
DA:360,0
DA:362,0
DA:363,0
DA:364,0
DA:366,0
DA:368,0
DA:372,0
DA:373,0
DA:374,0
DA:377,0
DA:378,0
DA:380,0
DA:381,0
DA:382,0
DA:384,0
DA:386,0
DA:390,0
DA:392,0
DA:397,0
DA:398,0
DA:401,0
DA:402,0
DA:403,0
DA:404,0
DA:405,0
DA:407,0
DA:411,1
DA:414,14
DA:415,14
LF:170
LH:86
BRDA:37,0,0,0
BRDA:74,1,0,0
BRDA:80,2,0,0
BRDA:95,3,0,18
BRDA:97,4,0,0
BRDA:101,5,0,0
BRDA:106,6,0,0
BRDA:114,7,0,0
BRDA:114,7,1,18
BRDA:154,8,0,1
BRDA:165,9,0,0
BRDA:170,10,0,1
BRDA:174,11,0,1
BRDA:180,12,0,0
BRDA:184,13,0,7
BRDA:189,14,0,1
BRDA:230,15,0,18
BRDA:237,16,0,18
BRDA:279,17,0,0
BRDA:281,18,0,19
BRDA:297,19,0,0
BRDA:302,20,0,1
BRDA:312,21,0,0
BRDA:320,22,0,0
BRDA:324,23,0,0
BRDA:328,24,0,0
BRDA:328,25,0,0
BRDA:328,25,1,0
BRDA:332,26,0,0
BRDA:337,27,0,0
BRDA:351,28,0,0
BRDA:355,29,0,0
BRDA:373,30,0,0
BRDA:397,31,0,0
BRF:34
BRH:11
end_of_record
TN:
SF:src\services\billing.service.ts
FN:15,(anonymous_0)
FN:22,(anonymous_1)
FN:23,(anonymous_2)
FN:31,(anonymous_3)
FN:80,(anonymous_4)
FN:124,(anonymous_5)
FN:142,(anonymous_6)
FN:156,(anonymous_7)
FN:171,(anonymous_8)
FN:180,(anonymous_9)
FN:189,(anonymous_10)
FN:208,(anonymous_11)
FN:294,(anonymous_12)
FN:329,(anonymous_13)
FN:343,(anonymous_14)
FN:378,(anonymous_15)
FN:408,(anonymous_16)
FN:478,(anonymous_17)
FN:482,(anonymous_18)
FN:483,(anonymous_19)
FN:484,(anonymous_20)
FNF:21
FNH:0
FNDA:0,(anonymous_0)
FNDA:0,(anonymous_1)
FNDA:0,(anonymous_2)
FNDA:0,(anonymous_3)
FNDA:0,(anonymous_4)
FNDA:0,(anonymous_5)
FNDA:0,(anonymous_6)
FNDA:0,(anonymous_7)
FNDA:0,(anonymous_8)
FNDA:0,(anonymous_9)
FNDA:0,(anonymous_10)
FNDA:0,(anonymous_11)
FNDA:0,(anonymous_12)
FNDA:0,(anonymous_13)
FNDA:0,(anonymous_14)
FNDA:0,(anonymous_15)
FNDA:0,(anonymous_16)
FNDA:0,(anonymous_17)
FNDA:0,(anonymous_18)
FNDA:0,(anonymous_19)
FNDA:0,(anonymous_20)
DA:1,0
DA:2,0
DA:3,0
DA:9,0
DA:10,0
DA:11,0
DA:12,0
DA:14,0
DA:16,0
DA:17,0
DA:18,0
DA:19,0
DA:23,0
DA:24,0
DA:25,0
DA:26,0
DA:27,0
DA:28,0
DA:43,0
DA:44,0
DA:45,0
DA:48,0
DA:49,0
DA:52,0
DA:53,0
DA:59,0
DA:77,0
DA:90,0
DA:91,0
DA:92,0
DA:93,0
DA:94,0
DA:95,0
DA:96,0
DA:97,0
DA:98,0
DA:99,0
DA:101,0
DA:102,0
DA:103,0
DA:104,0
DA:105,0
DA:108,0
DA:109,0
DA:110,0
DA:111,0
DA:121,0
DA:125,0
DA:126,0
DA:128,0
DA:134,0
DA:135,0
DA:138,0
DA:139,0
DA:143,0
DA:144,0
DA:146,0
DA:150,0
DA:151,0
DA:153,0
DA:157,0
DA:158,0
DA:160,0
DA:161,0
DA:162,0
DA:164,0
DA:165,0
DA:166,0
DA:168,0
DA:172,0
DA:177,0
DA:181,0
DA:186,0
DA:190,0
DA:191,0
DA:193,0
DA:194,0
DA:195,0
DA:197,0
DA:198,0
DA:199,0
DA:200,0
DA:202,0
DA:203,0
DA:207,0
DA:217,0
DA:218,0
DA:221,0
DA:222,0
DA:223,0
DA:226,0
DA:227,0
DA:230,0
DA:231,0
DA:234,0
DA:235,0
DA:238,0
DA:239,0
DA:245,0
DA:256,0
DA:257,0
DA:259,0
DA:260,0
DA:261,0
DA:262,0
DA:263,0
DA:266,0
DA:268,0
DA:282,0
DA:291,0
DA:303,0
DA:304,0
DA:305,0
DA:306,0
DA:307,0
DA:308,0
DA:309,0
DA:310,0
DA:311,0
DA:312,0
DA:315,0
DA:316,0
DA:317,0
DA:318,0
DA:326,0
DA:330,0
DA:331,0
DA:333,0
DA:337,0
DA:338,0
DA:340,0
DA:344,0
DA:345,0
DA:347,0
DA:348,0
DA:349,0
DA:352,0
DA:353,0
DA:354,0
DA:357,0
DA:358,0
DA:360,0
DA:361,0
DA:362,0
DA:363,0
DA:364,0
DA:366,0
DA:369,0
DA:370,0
DA:372,0
DA:373,0
DA:375,0
DA:379,0
DA:380,0
DA:382,0
DA:386,0
DA:387,0
DA:390,0
DA:391,0
DA:403,0
DA:407,0
DA:412,0
DA:413,0
DA:414,0
DA:415,0
DA:416,0
DA:417,0
DA:420,0
DA:421,0
DA:422,0
DA:425,0
DA:440,0
DA:441,0
DA:442,0
DA:445,0
DA:456,0
DA:471,0
DA:479,0
DA:480,0
DA:482,0
DA:483,0
DA:484,0
DA:486,0
LF:183
LH:0
BRDA:22,0,0,0
BRDA:22,1,0,0
BRDA:24,2,0,0
BRDA:24,2,1,0
BRDA:25,3,0,0
BRDA:25,3,1,0
BRDA:44,4,0,0
BRDA:48,5,0,0
BRDA:91,6,0,0
BRDA:92,7,0,0
BRDA:93,8,0,0
BRDA:94,9,0,0
BRDA:95,10,0,0
BRDA:101,11,0,0
BRDA:108,12,0,0
BRDA:108,12,1,0
BRDA:109,13,0,0
BRDA:109,13,1,0
BRDA:125,14,0,0
BRDA:134,15,0,0
BRDA:143,16,0,0
BRDA:150,17,0,0
BRDA:157,18,0,0
BRDA:161,19,0,0
BRDA:165,20,0,0
BRDA:190,21,0,0
BRDA:194,22,0,0
BRDA:197,23,0,0
BRDA:197,23,1,0
BRDA:199,24,0,0
BRDA:217,25,0,0
BRDA:222,26,0,0
BRDA:226,27,0,0
BRDA:230,28,0,0
BRDA:230,29,0,0
BRDA:230,29,1,0
BRDA:234,30,0,0
BRDA:238,31,0,0
BRDA:259,32,0,0
BRDA:259,32,1,0
BRDA:262,33,0,0
BRDA:304,34,0,0
BRDA:305,35,0,0
BRDA:306,36,0,0
BRDA:307,37,0,0
BRDA:308,38,0,0
BRDA:315,39,0,0
BRDA:315,39,1,0
BRDA:316,40,0,0
BRDA:316,40,1,0
BRDA:330,41,0,0
BRDA:337,42,0,0
BRDA:344,43,0,0
BRDA:348,44,0,0
BRDA:353,45,0,0
BRDA:360,46,0,0
BRDA:360,46,1,0
BRDA:363,47,0,0
BRDA:363,47,1,0
BRDA:369,48,0,0
BRDA:369,48,1,0
BRDA:369,49,0,0
BRDA:369,49,1,0
BRDA:372,50,0,0
BRDA:372,50,1,0
BRDA:372,51,0,0
BRDA:372,51,1,0
BRDA:379,52,0,0
BRDA:386,53,0,0
BRDA:413,54,0,0
BRDA:414,55,0,0
BRDA:421,56,0,0
BRDA:441,57,0,0
BRDA:472,58,0,0
BRDA:472,58,1,0
BRF:75
BRH:0
end_of_record
TN:
SF:src\services\dashboard.service.ts
FN:15,(anonymous_0)
FN:113,(anonymous_1)
FN:180,(anonymous_2)
FN:198,(anonymous_3)
FN:219,(anonymous_4)
FN:253,(anonymous_5)
FN:302,(anonymous_6)
FN:370,(anonymous_7)
FN:408,(anonymous_8)
FN:446,(anonymous_9)
FNF:10
FNH:0
FNDA:0,(anonymous_0)
FNDA:0,(anonymous_1)
FNDA:0,(anonymous_2)
FNDA:0,(anonymous_3)
FNDA:0,(anonymous_4)
FNDA:0,(anonymous_5)
FNDA:0,(anonymous_6)
FNDA:0,(anonymous_7)
FNDA:0,(anonymous_8)
FNDA:0,(anonymous_9)
DA:1,0
DA:2,0
DA:3,0
DA:4,0
DA:5,0
DA:6,0
DA:7,0
DA:8,0
DA:9,0
DA:10,0
DA:11,0
DA:14,0
DA:16,0
DA:17,0
DA:18,0
DA:19,0
DA:22,0
DA:24,0
DA:25,0
DA:26,0
DA:27,0
DA:29,0
DA:33,0
DA:38,0
DA:39,0
DA:40,0
DA:42,0
DA:46,0
DA:50,0
DA:54,0
DA:69,0
DA:70,0
DA:72,0
DA:77,0
DA:82,0
DA:86,0
DA:90,0
DA:114,0
DA:115,0
DA:116,0
DA:117,0
DA:119,0
DA:124,0
DA:129,0
DA:130,0
DA:132,0
DA:136,0
DA:141,0
DA:146,0
DA:151,0
DA:167,0
DA:181,0
DA:183,0
DA:184,0
DA:186,0
DA:187,0
DA:192,0
DA:193,0
DA:198,0
DA:199,0
DA:208,0
DA:209,0
DA:212,0
DA:220,0
DA:221,0
DA:222,0
DA:223,0
DA:225,0
DA:232,0
DA:233,0
DA:235,0
DA:240,0
DA:244,0
DA:254,0
DA:259,0
DA:260,0
DA:261,0
DA:266,0
DA:267,0
DA:268,0
DA:269,0
DA:271,0
DA:287,0
DA:291,0
DA:303,0
DA:304,0
DA:305,0
DA:306,0
DA:308,0
DA:323,0
DA:331,0
DA:345,0
DA:360,0
DA:371,0
DA:379,0
DA:380,0
DA:381,0
DA:382,0
DA:384,0
DA:389,0
DA:394,0
DA:399,0
DA:409,0
DA:417,0
DA:418,0
DA:419,0
DA:420,0
DA:422,0
DA:427,0
DA:432,0
DA:437,0
DA:447,0
DA:448,0
DA:449,0
DA:450,0
DA:452,0
DA:458,0
DA:467,0
DA:468,0
DA:469,0
DA:474,0
DA:478,0
DA:484,0
DA:489,0
LF:124
LH:0
BRDA:69,0,0,0
BRDA:69,0,1,0
BRDA:70,1,0,0
BRDA:70,1,1,0
BRDA:174,2,0,0
BRDA:174,2,1,0
BRDA:175,3,0,0
BRDA:175,3,1,0
BRDA:186,4,0,0
BRDA:186,5,0,0
BRDA:186,5,1,0
BRDA:186,5,2,0
BRDA:215,6,0,0
BRDA:215,6,1,0
BRDA:296,7,0,0
BRDA:296,7,1,0
BRDA:297,8,0,0
BRDA:297,8,1,0
BRDA:361,9,0,0
BRDA:361,9,1,0
BRDA:362,10,0,0
BRDA:362,10,1,0
BRDA:363,11,0,0
BRDA:363,11,1,0
BRF:24
BRH:0
end_of_record
TN:
SF:src\services\department.service.ts
FN:6,(anonymous_0)
FN:15,(anonymous_1)
FN:44,(anonymous_2)
FN:55,(anonymous_3)
FN:66,(anonymous_4)
FN:79,(anonymous_5)
FN:88,(anonymous_6)
FN:119,(anonymous_7)
FN:130,(anonymous_8)
FN:141,(anonymous_9)
FNF:10
FNH:0
FNDA:0,(anonymous_0)
FNDA:0,(anonymous_1)
FNDA:0,(anonymous_2)
FNDA:0,(anonymous_3)
FNDA:0,(anonymous_4)
FNDA:0,(anonymous_5)
FNDA:0,(anonymous_6)
FNDA:0,(anonymous_7)
FNDA:0,(anonymous_8)
FNDA:0,(anonymous_9)
DA:1,0
DA:2,0
DA:3,0
DA:5,0
DA:7,0
DA:8,0
DA:9,0
DA:11,0
DA:12,0
DA:22,0
DA:23,0
DA:24,0
DA:25,0
DA:26,0
DA:32,0
DA:33,0
DA:34,0
DA:35,0
DA:41,0
DA:45,0
DA:46,0
DA:48,0
DA:49,0
DA:50,0
DA:52,0
DA:56,0
DA:57,0
DA:59,0
DA:60,0
DA:61,0
DA:63,0
DA:67,0
DA:68,0
DA:70,0
DA:71,0
DA:72,0
DA:74,0
DA:78,0
DA:80,0
DA:81,0
DA:82,0
DA:84,0
DA:85,0
DA:96,0
DA:97,0
DA:98,0
DA:99,0
DA:100,0
DA:101,0
DA:107,0
DA:108,0
DA:109,0
DA:110,0
DA:116,0
DA:120,0
DA:121,0
DA:123,0
DA:124,0
DA:125,0
DA:127,0
DA:131,0
DA:132,0
DA:134,0
DA:135,0
DA:136,0
DA:138,0
DA:142,0
DA:143,0
DA:145,0
DA:146,0
DA:147,0
DA:149,0
LF:72
LH:0
BRDA:8,0,0,0
BRDA:23,1,0,0
BRDA:24,2,0,0
BRDA:25,3,0,0
BRDA:32,4,0,0
BRDA:32,4,1,0
BRDA:33,5,0,0
BRDA:33,5,1,0
BRDA:45,6,0,0
BRDA:49,7,0,0
BRDA:56,8,0,0
BRDA:60,9,0,0
BRDA:67,10,0,0
BRDA:71,11,0,0
BRDA:81,12,0,0
BRDA:97,13,0,0
BRDA:98,14,0,0
BRDA:99,15,0,0
BRDA:100,16,0,0
BRDA:107,17,0,0
BRDA:107,17,1,0
BRDA:108,18,0,0
BRDA:108,18,1,0
BRDA:120,19,0,0
BRDA:124,20,0,0
BRDA:131,21,0,0
BRDA:135,22,0,0
BRDA:142,23,0,0
BRDA:146,24,0,0
BRF:29
BRH:0
end_of_record
TN:
SF:src\services\doctor.service.ts
FN:7,(anonymous_0)
FN:24,(anonymous_1)
FN:44,(anonymous_2)
FN:56,(anonymous_3)
FN:82,(anonymous_4)
FN:120,(anonymous_5)
FNF:6
FNH:0
FNDA:0,(anonymous_0)
FNDA:0,(anonymous_1)
FNDA:0,(anonymous_2)
FNDA:0,(anonymous_3)
FNDA:0,(anonymous_4)
FNDA:0,(anonymous_5)
DA:1,0
DA:2,0
DA:3,0
DA:4,0
DA:6,0
DA:8,0
DA:13,0
DA:14,0
DA:15,0
DA:16,0
DA:18,0
DA:21,0
DA:25,0
DA:26,0
DA:27,0
DA:30,0
DA:32,0
DA:33,0
DA:34,0
DA:36,0
DA:39,0
DA:41,0
DA:45,0
DA:46,0
DA:47,0
DA:50,0
DA:51,0
DA:53,0
DA:63,0
DA:64,0
DA:65,0
DA:66,0
DA:67,0
DA:68,0
DA:70,0
DA:72,0
DA:73,0
DA:79,0
DA:83,0
DA:117,0
DA:126,0
DA:127,0
DA:128,0
DA:129,0
DA:135,0
DA:136,0
DA:142,0
LF:47
LH:0
BRDA:13,0,0,0
BRDA:15,1,0,0
BRDA:26,2,0,0
BRDA:32,3,0,0
BRDA:32,3,1,0
BRDA:46,4,0,0
BRDA:60,5,0,0
BRDA:61,6,0,0
BRDA:64,7,0,0
BRDA:70,8,0,0
BRDA:123,9,0,0
BRDA:124,10,0,0
BRDA:127,11,0,0
BRDA:128,12,0,0
BRF:14
BRH:0
end_of_record
TN:
SF:src\services\inventory.service.ts
FN:5,(anonymous_0)
FN:17,(anonymous_1)
FN:56,(anonymous_2)
FN:67,(anonymous_3)
FN:81,(anonymous_4)
FN:92,(anonymous_5)
FN:138,(anonymous_6)
FN:147,(anonymous_7)
FNF:8
FNH:0
FNDA:0,(anonymous_0)
FNDA:0,(anonymous_1)
FNDA:0,(anonymous_2)
FNDA:0,(anonymous_3)
FNDA:0,(anonymous_4)
FNDA:0,(anonymous_5)
FNDA:0,(anonymous_6)
FNDA:0,(anonymous_7)
DA:1,0
DA:2,0
DA:4,0
DA:6,0
DA:10,0
DA:11,0
DA:13,0
DA:14,0
DA:27,0
DA:28,0
DA:29,0
DA:30,0
DA:31,0
DA:32,0
DA:34,0
DA:35,0
DA:37,0
DA:38,0
DA:45,0
DA:46,0
DA:47,0
DA:48,0
DA:53,0
DA:57,0
DA:58,0
DA:60,0
DA:61,0
DA:62,0
DA:64,0
DA:68,0
DA:69,0
DA:71,0
DA:75,0
DA:76,0
DA:78,0
DA:82,0
DA:83,0
DA:85,0
DA:86,0
DA:87,0
DA:89,0
DA:98,0
DA:99,0
DA:101,0
DA:102,0
DA:103,0
DA:106,0
DA:107,0
DA:108,0
DA:109,0
DA:110,0
DA:115,0
DA:117,0
DA:120,0
DA:122,0
DA:139,0
DA:144,0
DA:148,0
DA:149,0
DA:151,0
DA:156,0
LF:61
LH:0
BRDA:10,0,0,0
BRDA:28,1,0,0
BRDA:29,2,0,0
BRDA:30,3,0,0
BRDA:31,4,0,0
BRDA:34,5,0,0
BRDA:37,6,0,0
BRDA:45,7,0,0
BRDA:45,7,1,0
BRDA:46,8,0,0
BRDA:46,8,1,0
BRDA:57,9,0,0
BRDA:61,10,0,0
BRDA:68,11,0,0
BRDA:75,12,0,0
BRDA:82,13,0,0
BRDA:86,14,0,0
BRDA:98,15,0,0
BRDA:102,16,0,0
BRDA:106,17,0,0
BRDA:106,17,1,0
BRDA:108,18,0,0
BRDA:108,18,1,0
BRDA:109,19,0,0
BRDA:133,20,0,0
BRDA:133,20,1,0
BRDA:147,21,0,0
BRF:27
BRH:0
end_of_record
TN:
SF:src\services\lab.service.ts
FN:9,(anonymous_0)
FN:18,(anonymous_1)
FN:34,(anonymous_2)
FN:48,(anonymous_3)
FN:63,(anonymous_4)
FN:72,(anonymous_5)
FN:101,(anonymous_6)
FN:112,(anonymous_7)
FN:126,(anonymous_8)
FN:139,(anonymous_9)
FN:158,(anonymous_10)
FN:177,(anonymous_11)
FN:212,(anonymous_12)
FN:229,(anonymous_13)
FN:245,(anonymous_14)
FN:267,(anonymous_15)
FN:314,(anonymous_16)
FNF:17
FNH:0
FNDA:0,(anonymous_0)
FNDA:0,(anonymous_1)
FNDA:0,(anonymous_2)
FNDA:0,(anonymous_3)
FNDA:0,(anonymous_4)
FNDA:0,(anonymous_5)
FNDA:0,(anonymous_6)
FNDA:0,(anonymous_7)
FNDA:0,(anonymous_8)
FNDA:0,(anonymous_9)
FNDA:0,(anonymous_10)
FNDA:0,(anonymous_11)
FNDA:0,(anonymous_12)
FNDA:0,(anonymous_13)
FNDA:0,(anonymous_14)
FNDA:0,(anonymous_15)
FNDA:0,(anonymous_16)
DA:1,0
DA:2,0
DA:3,0
DA:4,0
DA:5,0
DA:6,0
DA:8,0
DA:10,0
DA:11,0
DA:12,0
DA:14,0
DA:15,0
DA:19,0
DA:20,0
DA:21,0
DA:23,0
DA:24,0
DA:25,0
DA:26,0
DA:31,0
DA:35,0
DA:36,0
DA:38,0
DA:42,0
DA:43,0
DA:45,0
DA:49,0
DA:50,0
DA:52,0
DA:53,0
DA:54,0
DA:56,0
DA:57,0
DA:58,0
DA:60,0
DA:64,0
DA:65,0
DA:66,0
DA:68,0
DA:69,0
DA:79,0
DA:80,0
DA:81,0
DA:82,0
DA:83,0
DA:89,0
DA:90,0
DA:91,0
DA:92,0
DA:98,0
DA:102,0
DA:103,0
DA:105,0
DA:106,0
DA:107,0
DA:109,0
DA:113,0
DA:114,0
DA:116,0
DA:120,0
DA:121,0
DA:123,0
DA:127,0
DA:128,0
DA:130,0
DA:131,0
DA:132,0
DA:134,0
DA:138,0
DA:148,0
DA:149,0
DA:150,0
DA:153,0
DA:154,0
DA:155,0
DA:158,0
DA:159,0
DA:160,0
DA:161,0
DA:164,0
DA:174,0
DA:186,0
DA:187,0
DA:188,0
DA:189,0
DA:190,0
DA:191,0
DA:192,0
DA:193,0
DA:194,0
DA:195,0
DA:198,0
DA:199,0
DA:200,0
DA:201,0
DA:209,0
DA:213,0
DA:214,0
DA:216,0
DA:223,0
DA:224,0
DA:226,0
DA:230,0
DA:231,0
DA:233,0
DA:234,0
DA:235,0
DA:238,0
DA:239,0
DA:240,0
DA:242,0
DA:257,0
DA:258,0
DA:260,0
DA:261,0
DA:262,0
DA:265,0
DA:266,0
DA:267,0
DA:270,0
DA:281,0
DA:282,0
DA:284,0
DA:288,0
DA:290,0
DA:292,0
DA:302,0
DA:311,0
DA:315,0
DA:316,0
DA:318,0
DA:319,0
DA:320,0
DA:321,0
DA:329,0
LF:135
LH:0
BRDA:11,0,0,0
BRDA:20,1,0,0
BRDA:21,2,0,0
BRDA:23,3,0,0
BRDA:23,3,1,0
BRDA:24,4,0,0
BRDA:24,4,1,0
BRDA:35,5,0,0
BRDA:42,6,0,0
BRDA:49,7,0,0
BRDA:53,8,0,0
BRDA:57,9,0,0
BRDA:65,10,0,0
BRDA:80,11,0,0
BRDA:81,12,0,0
BRDA:82,13,0,0
BRDA:89,14,0,0
BRDA:89,14,1,0
BRDA:90,15,0,0
BRDA:90,15,1,0
BRDA:102,16,0,0
BRDA:106,17,0,0
BRDA:113,18,0,0
BRDA:120,19,0,0
BRDA:127,20,0,0
BRDA:131,21,0,0
BRDA:149,22,0,0
BRDA:154,23,0,0
BRDA:154,24,0,0
BRDA:154,24,1,0
BRDA:160,25,0,0
BRDA:187,26,0,0
BRDA:188,27,0,0
BRDA:189,28,0,0
BRDA:190,29,0,0
BRDA:191,30,0,0
BRDA:198,31,0,0
BRDA:198,31,1,0
BRDA:199,32,0,0
BRDA:199,32,1,0
BRDA:213,33,0,0
BRDA:223,34,0,0
BRDA:230,35,0,0
BRDA:234,36,0,0
BRDA:239,37,0,0
BRDA:257,38,0,0
BRDA:261,39,0,0
BRDA:281,40,0,0
BRDA:281,40,1,0
BRDA:290,41,0,0
BRDA:290,41,1,0
BRDA:316,42,0,0
BRDA:318,43,0,0
BRDA:318,43,1,0
BRDA:319,44,0,0
BRDA:319,44,1,0
BRF:56
BRH:0
end_of_record
TN:
SF:src\services\medicalRecord.service.ts
FN:7,(anonymous_0)
FN:37,(anonymous_1)
FN:49,(anonymous_2)
FN:76,(anonymous_3)
FN:108,(anonymous_4)
FN:140,(anonymous_5)
FN:152,(anonymous_6)
FN:180,(anonymous_7)
FNF:8
FNH:0
FNDA:0,(anonymous_0)
FNDA:0,(anonymous_1)
FNDA:0,(anonymous_2)
FNDA:0,(anonymous_3)
FNDA:0,(anonymous_4)
FNDA:0,(anonymous_5)
FNDA:0,(anonymous_6)
FNDA:0,(anonymous_7)
DA:1,0
DA:2,0
DA:3,0
DA:4,0
DA:6,0
DA:16,0
DA:26,0
DA:34,0
DA:38,0
DA:39,0
DA:40,0
DA:46,0
DA:50,0
DA:51,0
DA:53,0
DA:57,0
DA:58,0
DA:61,0
DA:63,0
DA:68,0
DA:69,0
DA:73,0
DA:82,0
DA:83,0
DA:85,0
DA:86,0
DA:87,0
DA:90,0
DA:91,0
DA:93,0
DA:94,0
DA:103,0
DA:107,0
DA:121,0
DA:129,0
DA:137,0
DA:141,0
DA:142,0
DA:143,0
DA:149,0
DA:153,0
DA:154,0
DA:156,0
DA:160,0
DA:161,0
DA:164,0
DA:166,0
DA:172,0
DA:173,0
DA:177,0
DA:181,0
DA:182,0
DA:184,0
DA:185,0
DA:186,0
DA:189,0
DA:191,0
DA:197,0
DA:198,0
DA:202,0
DA:203,0
DA:205,0
DA:206,0
DA:215,0
LF:64
LH:0
BRDA:23,0,0,0
BRDA:23,0,1,0
BRDA:37,1,0,0
BRDA:37,2,0,0
BRDA:50,3,0,0
BRDA:57,4,0,0
BRDA:61,5,0,0
BRDA:61,6,0,0
BRDA:61,6,1,0
BRDA:63,7,0,0
BRDA:63,7,1,0
BRDA:63,7,2,0
BRDA:63,7,3,0
BRDA:68,8,0,0
BRDA:82,9,0,0
BRDA:86,10,0,0
BRDA:93,11,0,0
BRDA:140,12,0,0
BRDA:140,13,0,0
BRDA:153,14,0,0
BRDA:160,15,0,0
BRDA:164,16,0,0
BRDA:164,17,0,0
BRDA:164,17,1,0
BRDA:166,18,0,0
BRDA:166,18,1,0
BRDA:166,18,2,0
BRDA:166,18,3,0
BRDA:166,18,4,0
BRDA:172,19,0,0
BRDA:181,20,0,0
BRDA:185,21,0,0
BRDA:189,22,0,0
BRDA:189,23,0,0
BRDA:189,23,1,0
BRDA:191,24,0,0
BRDA:191,24,1,0
BRDA:191,24,2,0
BRDA:191,24,3,0
BRDA:191,24,4,0
BRDA:197,25,0,0
BRDA:205,26,0,0
BRF:42
BRH:0
end_of_record
TN:
SF:src\services\notification.service.ts
FN:5,(anonymous_0)
FN:33,(anonymous_1)
FN:44,(anonymous_2)
FN:59,(anonymous_3)
FN:67,(anonymous_4)
FN:82,(anonymous_5)
FN:93,(anonymous_6)
FN:98,(anonymous_7)
FNF:8
FNH:0
FNDA:0,(anonymous_0)
FNDA:0,(anonymous_1)
FNDA:0,(anonymous_2)
FNDA:0,(anonymous_3)
FNDA:0,(anonymous_4)
FNDA:0,(anonymous_5)
FNDA:0,(anonymous_6)
FNDA:0,(anonymous_7)
DA:1,0
DA:2,0
DA:4,0
DA:12,0
DA:13,0
DA:14,0
DA:15,0
DA:17,0
DA:18,0
DA:19,0
DA:20,0
DA:25,0
DA:30,0
DA:34,0
DA:35,0
DA:37,0
DA:38,0
DA:39,0
DA:41,0
DA:45,0
DA:46,0
DA:48,0
DA:53,0
DA:54,0
DA:56,0
DA:60,0
DA:64,0
DA:68,0
DA:69,0
DA:71,0
DA:76,0
DA:77,0
DA:79,0
DA:83,0
DA:84,0
DA:86,0
DA:87,0
DA:88,0
DA:90,0
DA:94,0
DA:95,0
DA:99,0
DA:103,0
LF:43
LH:0
BRDA:13,0,0,0
BRDA:14,1,0,0
BRDA:15,2,0,0
BRDA:17,3,0,0
BRDA:17,3,1,0
BRDA:18,4,0,0
BRDA:18,4,1,0
BRDA:34,5,0,0
BRDA:38,6,0,0
BRDA:45,7,0,0
BRDA:53,8,0,0
BRDA:68,9,0,0
BRDA:76,10,0,0
BRDA:83,11,0,0
BRDA:87,12,0,0
BRF:15
BRH:0
end_of_record
TN:
SF:src\services\nurse.service.ts
FN:7,(anonymous_0)
FN:30,(anonymous_1)
FN:46,(anonymous_2)
FN:91,(anonymous_3)
FN:104,(anonymous_4)
FN:114,(anonymous_5)
FN:141,(anonymous_6)
FN:173,(anonymous_7)
FN:187,(anonymous_8)
FN:201,(anonymous_9)
FN:212,(anonymous_10)
FNF:11
FNH:0
FNDA:0,(anonymous_0)
FNDA:0,(anonymous_1)
FNDA:0,(anonymous_2)
FNDA:0,(anonymous_3)
FNDA:0,(anonymous_4)
FNDA:0,(anonymous_5)
FNDA:0,(anonymous_6)
FNDA:0,(anonymous_7)
FNDA:0,(anonymous_8)
FNDA:0,(anonymous_9)
FNDA:0,(anonymous_10)
DA:1,0
DA:2,0
DA:3,0
DA:4,0
DA:6,0
DA:8,0
DA:9,0
DA:10,0
DA:12,0
DA:13,0
DA:16,0
DA:18,0
DA:19,0
DA:20,0
DA:22,0
DA:25,0
DA:27,0
DA:31,0
DA:35,0
DA:36,0
DA:37,0
DA:38,0
DA:40,0
DA:43,0
DA:54,0
DA:55,0
DA:56,0
DA:57,0
DA:59,0
DA:60,0
DA:61,0
DA:62,0
DA:69,0
DA:70,0
DA:78,0
DA:79,0
DA:85,0
DA:88,0
DA:92,0
DA:93,0
DA:95,0
DA:98,0
DA:99,0
DA:101,0
DA:105,0
DA:106,0
DA:107,0
DA:109,0
DA:113,0
DA:123,0
DA:124,0
DA:125,0
DA:128,0
DA:138,0
DA:148,0
DA:149,0
DA:150,0
DA:151,0
DA:152,0
DA:153,0
DA:154,0
DA:155,0
DA:156,0
DA:160,0
DA:161,0
DA:162,0
DA:163,0
DA:170,0
DA:174,0
DA:175,0
DA:177,0
DA:181,0
DA:182,0
DA:184,0
DA:188,0
DA:189,0
DA:191,0
DA:195,0
DA:196,0
DA:198,0
DA:202,0
DA:203,0
DA:205,0
DA:206,0
DA:207,0
DA:209,0
DA:213,0
DA:221,0
DA:222,0
DA:223,0
DA:224,0
DA:225,0
DA:228,0
LF:93
LH:0
BRDA:9,0,0,0
BRDA:12,1,0,0
BRDA:18,2,0,0
BRDA:18,2,1,0
BRDA:35,3,0,0
BRDA:37,4,0,0
BRDA:55,5,0,0
BRDA:56,6,0,0
BRDA:57,7,0,0
BRDA:59,8,0,0
BRDA:59,8,1,0
BRDA:60,9,0,0
BRDA:60,9,1,0
BRDA:69,10,0,0
BRDA:92,11,0,0
BRDA:98,12,0,0
BRDA:106,13,0,0
BRDA:124,14,0,0
BRDA:149,15,0,0
BRDA:150,16,0,0
BRDA:150,17,0,0
BRDA:150,17,1,0
BRDA:152,18,0,0
BRDA:153,19,0,0
BRDA:160,20,0,0
BRDA:160,20,1,0
BRDA:161,21,0,0
BRDA:161,21,1,0
BRDA:174,22,0,0
BRDA:181,23,0,0
BRDA:188,24,0,0
BRDA:195,25,0,0
BRDA:202,26,0,0
BRDA:206,27,0,0
BRDA:224,28,0,0
BRF:35
BRH:0
end_of_record
TN:
SF:src\services\patient.service.ts
FN:9,(anonymous_0)
FN:21,(anonymous_1)
FN:57,(anonymous_2)
FN:69,(anonymous_3)
FN:81,(anonymous_4)
FNF:5
FNH:0
FNDA:0,(anonymous_0)
FNDA:0,(anonymous_1)
FNDA:0,(anonymous_2)
FNDA:0,(anonymous_3)
FNDA:0,(anonymous_4)
DA:1,0
DA:2,0
DA:3,0
DA:4,0
DA:6,0
DA:8,0
DA:10,0
DA:11,0
DA:12,0
DA:18,0
DA:28,0
DA:29,0
DA:30,0
DA:33,0
DA:34,0
DA:41,0
DA:42,0
DA:45,0
DA:54,0
DA:58,0
DA:59,0
DA:60,0
DA:66,0
DA:70,0
DA:71,0
DA:72,0
DA:78,0
DA:82,0
DA:83,0
DA:84,0
DA:91,0
DA:92,0
DA:98,0
LF:33
LH:0
BRDA:9,0,0,0
BRDA:9,1,0,0
BRDA:29,2,0,0
BRDA:29,3,0,0
BRDA:29,3,1,0
BRDA:41,4,0,0
BRDA:50,5,0,0
BRDA:50,5,1,0
BRDA:57,6,0,0
BRDA:57,7,0,0
BRDA:69,8,0,0
BRDA:69,9,0,0
BRDA:81,10,0,0
BRDA:81,11,0,0
BRDA:83,12,0,0
BRF:15
BRH:0
end_of_record
TN:
SF:src\services\patientProfile.service.ts
FN:10,(anonymous_0)
FN:89,(anonymous_1)
FN:100,(anonymous_2)
FN:111,(anonymous_3)
FN:139,(anonymous_4)
FN:150,(anonymous_5)
FN:179,(anonymous_6)
FN:188,(anonymous_7)
FN:213,(anonymous_8)
FN:224,(anonymous_9)
FN:238,(anonymous_10)
FN:249,(anonymous_11)
FN:293,(anonymous_12)
FN:300,(anonymous_13)
FN:311,(anonymous_14)
FNF:15
FNH:0
FNDA:0,(anonymous_0)
FNDA:0,(anonymous_1)
FNDA:0,(anonymous_2)
FNDA:0,(anonymous_3)
FNDA:0,(anonymous_4)
FNDA:0,(anonymous_5)
FNDA:0,(anonymous_6)
FNDA:0,(anonymous_7)
FNDA:0,(anonymous_8)
FNDA:0,(anonymous_9)
FNDA:0,(anonymous_10)
FNDA:0,(anonymous_11)
FNDA:0,(anonymous_12)
FNDA:0,(anonymous_13)
FNDA:0,(anonymous_14)
DA:1,0
DA:2,0
DA:3,0
DA:4,0
DA:5,0
DA:6,0
DA:7,0
DA:9,0
DA:31,0
DA:32,0
DA:33,0
DA:36,0
DA:38,0
DA:39,0
DA:40,0
DA:43,0
DA:44,0
DA:45,0
DA:48,0
DA:49,0
DA:52,0
DA:54,0
DA:76,0
DA:78,0
DA:86,0
DA:90,0
DA:94,0
DA:95,0
DA:97,0
DA:101,0
DA:105,0
DA:106,0
DA:108,0
DA:118,0
DA:119,0
DA:120,0
DA:121,0
DA:127,0
DA:128,0
DA:129,0
DA:130,0
DA:136,0
DA:140,0
DA:144,0
DA:145,0
DA:147,0
DA:155,0
DA:156,0
DA:157,0
DA:165,0
DA:166,0
DA:167,0
DA:168,0
DA:174,0
DA:178,0
DA:180,0
DA:181,0
DA:182,0
DA:184,0
DA:185,0
DA:195,0
DA:196,0
DA:197,0
DA:198,0
DA:199,0
DA:202,0
DA:203,0
DA:204,0
DA:205,0
DA:210,0
DA:214,0
DA:215,0
DA:217,0
DA:218,0
DA:219,0
DA:221,0
DA:225,0
DA:226,0
DA:228,0
DA:232,0
DA:233,0
DA:235,0
DA:239,0
DA:240,0
DA:242,0
DA:243,0
DA:244,0
DA:246,0
DA:258,0
DA:259,0
DA:260,0
DA:262,0
DA:263,0
DA:266,0
DA:267,0
DA:268,0
DA:271,0
DA:276,0
DA:277,0
DA:280,0
DA:290,0
DA:294,0
DA:297,0
DA:301,0
DA:302,0
DA:304,0
DA:305,0
DA:306,0
DA:308,0
DA:312,0
DA:313,0
DA:315,0
DA:319,0
DA:320,0
DA:322,0
LF:115
LH:0
BRDA:32,0,0,0
BRDA:36,1,0,0
BRDA:36,1,1,0
BRDA:39,2,0,0
BRDA:44,3,0,0
BRDA:48,4,0,0
BRDA:62,5,0,0
BRDA:62,5,1,0
BRDA:63,6,0,0
BRDA:63,6,1,0
BRDA:66,7,0,0
BRDA:66,7,1,0
BRDA:67,8,0,0
BRDA:67,8,1,0
BRDA:68,9,0,0
BRDA:68,9,1,0
BRDA:94,10,0,0
BRDA:105,11,0,0
BRDA:119,12,0,0
BRDA:120,13,0,0
BRDA:127,14,0,0
BRDA:127,14,1,0
BRDA:128,15,0,0
BRDA:128,15,1,0
BRDA:144,16,0,0
BRDA:156,17,0,0
BRDA:165,18,0,0
BRDA:165,18,1,0
BRDA:166,19,0,0
BRDA:166,19,1,0
BRDA:181,20,0,0
BRDA:196,21,0,0
BRDA:197,22,0,0
BRDA:198,23,0,0
BRDA:202,24,0,0
BRDA:202,24,1,0
BRDA:203,25,0,0
BRDA:203,25,1,0
BRDA:214,26,0,0
BRDA:218,27,0,0
BRDA:225,28,0,0
BRDA:232,29,0,0
BRDA:239,30,0,0
BRDA:243,31,0,0
BRDA:259,32,0,0
BRDA:262,33,0,0
BRDA:267,34,0,0
BRDA:276,35,0,0
BRDA:286,36,0,0
BRDA:286,36,1,0
BRDA:287,37,0,0
BRDA:287,37,1,0
BRDA:301,38,0,0
BRDA:305,39,0,0
BRDA:312,40,0,0
BRDA:319,41,0,0
BRF:56
BRH:0
end_of_record
TN:
SF:src\services\pharmacy.service.ts
FN:8,(anonymous_0)
FN:21,(anonymous_1)
FN:69,(anonymous_2)
FN:80,(anonymous_3)
FN:94,(anonymous_4)
FN:105,(anonymous_5)
FN:150,(anonymous_6)
FN:161,(anonymous_7)
FN:172,(anonymous_8)
FN:179,(anonymous_9)
FN:192,(anonymous_10)
FN:199,(anonymous_11)
FN:246,(anonymous_12)
FN:280,(anonymous_13)
FN:296,(anonymous_14)
FN:305,(anonymous_15)
FNF:16
FNH:0
FNDA:0,(anonymous_0)
FNDA:0,(anonymous_1)
FNDA:0,(anonymous_2)
FNDA:0,(anonymous_3)
FNDA:0,(anonymous_4)
FNDA:0,(anonymous_5)
FNDA:0,(anonymous_6)
FNDA:0,(anonymous_7)
FNDA:0,(anonymous_8)
FNDA:0,(anonymous_9)
FNDA:0,(anonymous_10)
FNDA:0,(anonymous_11)
FNDA:0,(anonymous_12)
FNDA:0,(anonymous_13)
FNDA:0,(anonymous_14)
FNDA:0,(anonymous_15)
DA:1,0
DA:2,0
DA:4,0
DA:5,0
DA:7,0
DA:9,0
DA:14,0
DA:15,0
DA:17,0
DA:18,0
DA:30,0
DA:31,0
DA:32,0
DA:33,0
DA:34,0
DA:35,0
DA:37,0
DA:38,0
DA:40,0
DA:41,0
DA:48,0
DA:49,0
DA:50,0
DA:51,0
DA:56,0
DA:61,0
DA:66,0
DA:70,0
DA:71,0
DA:73,0
DA:74,0
DA:75,0
DA:77,0
DA:81,0
DA:82,0
DA:84,0
DA:88,0
DA:89,0
DA:91,0
DA:95,0
DA:96,0
DA:98,0
DA:99,0
DA:100,0
DA:102,0
DA:111,0
DA:112,0
DA:114,0
DA:115,0
DA:116,0
DA:119,0
DA:120,0
DA:121,0
DA:122,0
DA:123,0
DA:128,0
DA:130,0
DA:133,0
DA:135,0
DA:147,0
DA:151,0
DA:152,0
DA:154,0
DA:155,0
DA:156,0
DA:158,0
DA:172,0
DA:173,0
DA:174,0
DA:175,0
DA:178,0
DA:179,0
DA:180,0
DA:181,0
DA:183,0
DA:184,0
DA:191,0
DA:192,0
DA:193,0
DA:194,0
DA:195,0
DA:199,0
DA:200,0
DA:201,0
DA:202,0
DA:204,0
DA:220,0
DA:232,0
DA:233,0
DA:243,0
DA:254,0
DA:255,0
DA:256,0
DA:257,0
DA:258,0
DA:259,0
DA:260,0
DA:261,0
DA:262,0
DA:265,0
DA:266,0
DA:267,0
DA:268,0
DA:277,0
DA:281,0
DA:282,0
DA:284,0
DA:290,0
DA:291,0
DA:293,0
DA:297,0
DA:302,0
DA:306,0
DA:307,0
DA:309,0
DA:314,0
LF:116
LH:0
BRDA:14,0,0,0
BRDA:31,1,0,0
BRDA:32,2,0,0
BRDA:33,3,0,0
BRDA:34,4,0,0
BRDA:34,4,1,0
BRDA:37,5,0,0
BRDA:40,6,0,0
BRDA:48,7,0,0
BRDA:48,7,1,0
BRDA:49,8,0,0
BRDA:49,8,1,0
BRDA:70,9,0,0
BRDA:74,10,0,0
BRDA:81,11,0,0
BRDA:88,12,0,0
BRDA:95,13,0,0
BRDA:99,14,0,0
BRDA:111,15,0,0
BRDA:115,16,0,0
BRDA:119,17,0,0
BRDA:119,17,1,0
BRDA:121,18,0,0
BRDA:121,18,1,0
BRDA:122,19,0,0
BRDA:144,20,0,0
BRDA:144,20,1,0
BRDA:151,21,0,0
BRDA:155,22,0,0
BRDA:174,23,0,0
BRDA:180,24,0,0
BRDA:183,25,0,0
BRDA:193,26,0,0
BRDA:200,27,0,0
BRDA:200,27,1,0
BRDA:201,28,0,0
BRDA:201,28,1,0
BRDA:232,29,0,0
BRDA:255,30,0,0
BRDA:256,31,0,0
BRDA:257,32,0,0
BRDA:258,33,0,0
BRDA:265,34,0,0
BRDA:265,34,1,0
BRDA:266,35,0,0
BRDA:266,35,1,0
BRDA:281,36,0,0
BRDA:290,37,0,0
BRDA:305,38,0,0
BRF:49
BRH:0
end_of_record
TN:
SF:src\services\radiology.service.ts
FN:7,(anonymous_0)
FN:16,(anonymous_1)
FN:44,(anonymous_2)
FN:55,(anonymous_3)
FN:69,(anonymous_4)
FN:82,(anonymous_5)
FN:101,(anonymous_6)
FN:120,(anonymous_7)
FN:155,(anonymous_8)
FN:172,(anonymous_9)
FN:188,(anonymous_10)
FN:211,(anonymous_11)
FN:237,(anonymous_12)
FNF:13
FNH:0
FNDA:0,(anonymous_0)
FNDA:0,(anonymous_1)
FNDA:0,(anonymous_2)
FNDA:0,(anonymous_3)
FNDA:0,(anonymous_4)
FNDA:0,(anonymous_5)
FNDA:0,(anonymous_6)
FNDA:0,(anonymous_7)
FNDA:0,(anonymous_8)
FNDA:0,(anonymous_9)
FNDA:0,(anonymous_10)
FNDA:0,(anonymous_11)
FNDA:0,(anonymous_12)
DA:1,0
DA:2,0
DA:3,0
DA:4,0
DA:6,0
DA:8,0
DA:9,0
DA:10,0
DA:12,0
DA:13,0
DA:23,0
DA:24,0
DA:25,0
DA:26,0
DA:27,0
DA:33,0
DA:34,0
DA:35,0
DA:36,0
DA:41,0
DA:45,0
DA:46,0
DA:48,0
DA:49,0
DA:50,0
DA:52,0
DA:56,0
DA:57,0
DA:59,0
DA:63,0
DA:64,0
DA:66,0
DA:70,0
DA:71,0
DA:73,0
DA:74,0
DA:75,0
DA:77,0
DA:81,0
DA:91,0
DA:92,0
DA:93,0
DA:96,0
DA:97,0
DA:98,0
DA:101,0
DA:102,0
DA:103,0
DA:104,0
DA:107,0
DA:117,0
DA:129,0
DA:130,0
DA:131,0
DA:132,0
DA:133,0
DA:134,0
DA:135,0
DA:136,0
DA:137,0
DA:138,0
DA:141,0
DA:142,0
DA:143,0
DA:144,0
DA:152,0
DA:156,0
DA:157,0
DA:159,0
DA:166,0
DA:167,0
DA:169,0
DA:173,0
DA:174,0
DA:176,0
DA:177,0
DA:178,0
DA:181,0
DA:182,0
DA:183,0
DA:185,0
DA:201,0
DA:202,0
DA:204,0
DA:205,0
DA:206,0
DA:209,0
DA:210,0
DA:211,0
DA:214,0
DA:225,0
DA:226,0
DA:228,0
DA:232,0
DA:234,0
DA:238,0
DA:239,0
DA:241,0
DA:242,0
DA:243,0
DA:244,0
DA:252,0
LF:102
LH:0
BRDA:9,0,0,0
BRDA:24,1,0,0
BRDA:25,2,0,0
BRDA:26,3,0,0
BRDA:33,4,0,0
BRDA:33,4,1,0
BRDA:34,5,0,0
BRDA:34,5,1,0
BRDA:45,6,0,0
BRDA:49,7,0,0
BRDA:56,8,0,0
BRDA:63,9,0,0
BRDA:70,10,0,0
BRDA:74,11,0,0
BRDA:92,12,0,0
BRDA:97,13,0,0
BRDA:97,14,0,0
BRDA:97,14,1,0
BRDA:103,15,0,0
BRDA:130,16,0,0
BRDA:131,17,0,0
BRDA:132,18,0,0
BRDA:133,19,0,0
BRDA:134,20,0,0
BRDA:141,21,0,0
BRDA:141,21,1,0
BRDA:142,22,0,0
BRDA:142,22,1,0
BRDA:156,23,0,0
BRDA:166,24,0,0
BRDA:173,25,0,0
BRDA:177,26,0,0
BRDA:182,27,0,0
BRDA:201,28,0,0
BRDA:205,29,0,0
BRDA:221,30,0,0
BRDA:221,30,1,0
BRDA:225,31,0,0
BRDA:225,31,1,0
BRDA:239,32,0,0
BRDA:241,33,0,0
BRDA:241,33,1,0
BRDA:242,34,0,0
BRDA:242,34,1,0
BRF:44
BRH:0
end_of_record
TN:
SF:src\services\ward.service.ts
FN:8,(anonymous_0)
FN:17,(anonymous_1)
FN:50,(anonymous_2)
FN:61,(anonymous_3)
FN:72,(anonymous_4)
FN:87,(anonymous_5)
FN:103,(anonymous_6)
FN:112,(anonymous_7)
FN:143,(anonymous_8)
FN:156,(anonymous_9)
FN:167,(anonymous_10)
FN:178,(anonymous_11)
FN:192,(anonymous_12)
FN:205,(anonymous_13)
FN:266,(anonymous_14)
FN:299,(anonymous_15)
FN:313,(anonymous_16)
FN:354,(anonymous_17)
FN:388,(anonymous_18)
FNF:19
FNH:0
FNDA:0,(anonymous_0)
FNDA:0,(anonymous_1)
FNDA:0,(anonymous_2)
FNDA:0,(anonymous_3)
FNDA:0,(anonymous_4)
FNDA:0,(anonymous_5)
FNDA:0,(anonymous_6)
FNDA:0,(anonymous_7)
FNDA:0,(anonymous_8)
FNDA:0,(anonymous_9)
FNDA:0,(anonymous_10)
FNDA:0,(anonymous_11)
FNDA:0,(anonymous_12)
FNDA:0,(anonymous_13)
FNDA:0,(anonymous_14)
FNDA:0,(anonymous_15)
FNDA:0,(anonymous_16)
FNDA:0,(anonymous_17)
FNDA:0,(anonymous_18)
DA:1,0
DA:2,0
DA:3,0
DA:4,0
DA:5,0
DA:7,0
DA:9,0
DA:10,0
DA:11,0
DA:13,0
DA:14,0
DA:26,0
DA:27,0
DA:28,0
DA:29,0
DA:30,0
DA:31,0
DA:32,0
DA:38,0
DA:39,0
DA:40,0
DA:41,0
DA:47,0
DA:51,0
DA:52,0
DA:54,0
DA:55,0
DA:56,0
DA:58,0
DA:62,0
DA:63,0
DA:65,0
DA:66,0
DA:67,0
DA:69,0
DA:73,0
DA:74,0
DA:76,0
DA:77,0
DA:78,0
DA:80,0
DA:81,0
DA:82,0
DA:84,0
DA:88,0
DA:89,0
DA:91,0
DA:92,0
DA:93,0
DA:95,0
DA:98,0
DA:102,0
DA:104,0
DA:105,0
DA:106,0
DA:108,0
DA:109,0
DA:121,0
DA:122,0
DA:123,0
DA:124,0
DA:125,0
DA:126,0
DA:127,0
DA:130,0
DA:131,0
DA:132,0
DA:133,0
DA:140,0
DA:144,0
DA:145,0
DA:147,0
DA:150,0
DA:151,0
DA:153,0
DA:157,0
DA:158,0
DA:160,0
DA:161,0
DA:162,0
DA:164,0
DA:168,0
DA:169,0
DA:171,0
DA:172,0
DA:173,0
DA:175,0
DA:179,0
DA:180,0
DA:181,0
DA:183,0
DA:184,0
DA:186,0
DA:187,0
DA:188,0
DA:189,0
DA:193,0
DA:194,0
DA:195,0
DA:197,0
DA:198,0
DA:199,0
DA:200,0
DA:204,0
DA:214,0
DA:215,0
DA:216,0
DA:218,0
DA:219,0
DA:222,0
DA:226,0
DA:227,0
DA:230,0
DA:232,0
DA:242,0
DA:254,0
DA:263,0
DA:274,0
DA:275,0
DA:276,0
DA:277,0
DA:278,0
DA:279,0
DA:280,0
DA:281,0
DA:282,0
DA:285,0
DA:286,0
DA:287,0
DA:288,0
DA:296,0
DA:300,0
DA:301,0
DA:303,0
DA:307,0
DA:308,0
DA:310,0
DA:314,0
DA:315,0
DA:317,0
DA:318,0
DA:319,0
DA:321,0
DA:322,0
DA:325,0
DA:326,0
DA:327,0
DA:329,0
DA:331,0
DA:342,0
DA:351,0
DA:355,0
DA:356,0
DA:358,0
DA:359,0
DA:360,0
DA:362,0
DA:363,0
DA:366,0
DA:367,0
DA:368,0
DA:370,0
DA:371,0
DA:374,0
DA:375,0
DA:377,0
DA:378,0
DA:379,0
DA:380,0
DA:382,0
DA:383,0
DA:385,0
DA:389,0
DA:393,0
LF:174
LH:0
BRDA:10,0,0,0
BRDA:27,1,0,0
BRDA:28,2,0,0
BRDA:29,3,0,0
BRDA:30,4,0,0
BRDA:31,5,0,0
BRDA:38,6,0,0
BRDA:38,6,1,0
BRDA:39,7,0,0
BRDA:39,7,1,0
BRDA:51,8,0,0
BRDA:55,9,0,0
BRDA:62,10,0,0
BRDA:66,11,0,0
BRDA:73,12,0,0
BRDA:77,13,0,0
BRDA:81,14,0,0
BRDA:88,15,0,0
BRDA:92,16,0,0
BRDA:105,17,0,0
BRDA:122,18,0,0
BRDA:123,19,0,0
BRDA:124,20,0,0
BRDA:125,21,0,0
BRDA:126,22,0,0
BRDA:130,23,0,0
BRDA:130,23,1,0
BRDA:131,24,0,0
BRDA:131,24,1,0
BRDA:144,25,0,0
BRDA:150,26,0,0
BRDA:157,27,0,0
BRDA:161,28,0,0
BRDA:168,29,0,0
BRDA:172,30,0,0
BRDA:180,31,0,0
BRDA:183,32,0,0
BRDA:194,33,0,0
BRDA:215,34,0,0
BRDA:218,35,0,0
BRDA:226,36,0,0
BRDA:238,37,0,0
BRDA:238,37,1,0
BRDA:250,38,0,0
BRDA:250,38,1,0
BRDA:275,39,0,0
BRDA:276,40,0,0
BRDA:277,41,0,0
BRDA:278,42,0,0
BRDA:285,43,0,0
BRDA:285,43,1,0
BRDA:286,44,0,0
BRDA:286,44,1,0
BRDA:300,45,0,0
BRDA:307,46,0,0
BRDA:314,47,0,0
BRDA:318,48,0,0
BRDA:321,49,0,0
BRDA:326,50,0,0
BRDA:326,50,1,0
BRDA:355,51,0,0
BRDA:359,52,0,0
BRDA:362,53,0,0
BRDA:367,54,0,0
BRDA:370,55,0,0
BRDA:379,56,0,0
BRDA:380,57,0,0
BRDA:380,57,1,0
BRF:68
BRH:0
end_of_record
TN:
SF:src\sockets\socket.ts
FN:8,(anonymous_1)
FN:16,(anonymous_2)
FN:32,(anonymous_3)
FN:38,(anonymous_4)
FN:42,(anonymous_5)
FN:50,(anonymous_6)
FN:54,(anonymous_7)
FN:58,(anonymous_8)
FN:62,(anonymous_9)
FN:70,(anonymous_10)
FNF:10
FNH:0
FNDA:0,(anonymous_1)
FNDA:0,(anonymous_2)
FNDA:0,(anonymous_3)
FNDA:0,(anonymous_4)
FNDA:0,(anonymous_5)
FNDA:0,(anonymous_6)
FNDA:0,(anonymous_7)
FNDA:0,(anonymous_8)
FNDA:0,(anonymous_9)
FNDA:0,(anonymous_10)
DA:1,0
DA:3,0
DA:4,0
DA:8,0
DA:9,0
DA:16,0
DA:17,0
DA:18,0
DA:19,0
DA:22,0
DA:23,0
DA:24,0
DA:25,0
DA:26,0
DA:28,0
DA:32,0
DA:33,0
DA:34,0
DA:36,0
DA:38,0
DA:39,0
DA:42,0
DA:43,0
DA:50,0
DA:51,0
DA:54,0
DA:55,0
DA:58,0
DA:59,0
DA:62,0
DA:63,0
DA:67,0
DA:70,0
DA:71,0
DA:72,0
DA:74,0
LF:36
LH:0
BRDA:18,0,0,0
BRDA:71,1,0,0
BRF:2
BRH:0
end_of_record
TN:
SF:src\utils\auditLog.ts
FN:4,(anonymous_9)
FN:28,(anonymous_10)
FN:49,(anonymous_11)
FN:71,(anonymous_12)
FN:81,(anonymous_13)
FN:93,(anonymous_14)
FN:95,(anonymous_15)
FNF:7
FNH:1
FNDA:41,(anonymous_9)
FNDA:0,(anonymous_10)
FNDA:0,(anonymous_11)
FNDA:0,(anonymous_12)
FNDA:0,(anonymous_13)
FNDA:0,(anonymous_14)
FNDA:0,(anonymous_15)
DA:1,1
DA:2,1
DA:4,1
DA:13,41
DA:14,41
DA:24,0
DA:28,1
DA:37,0
DA:38,0
DA:48,0
DA:49,0
DA:50,0
DA:51,0
DA:61,0
DA:64,0
DA:66,0
DA:67,0
DA:71,1
DA:79,0
DA:80,0
DA:81,0
DA:92,0
DA:93,0
DA:94,0
DA:95,0
DA:96,0
DA:104,0
DA:107,0
DA:109,0
DA:110,0
LF:30
LH:7
BRDA:43,0,0,0
BRDA:43,0,1,0
BRDA:86,1,0,0
BRDA:86,1,1,0
BRDA:100,2,0,0
BRDA:100,2,1,0
BRF:6
BRH:0
end_of_record
TN:
SF:src\utils\email.ts
FN:20,(anonymous_1)
FN:29,(anonymous_2)
FN:48,(anonymous_3)
FN:66,(anonymous_4)
FN:90,(anonymous_5)
FNF:5
FNH:0
FNDA:0,(anonymous_1)
FNDA:0,(anonymous_2)
FNDA:0,(anonymous_3)
FNDA:0,(anonymous_4)
FNDA:0,(anonymous_5)
DA:1,1
DA:2,1
DA:4,1
DA:20,1
DA:21,0
DA:29,1
DA:30,0
DA:48,1
DA:49,0
DA:50,0
DA:66,1
DA:71,0
DA:90,1
DA:95,0
LF:14
LH:8
BRF:0
BRH:0
end_of_record
TN:
SF:src\utils\generateOTP.ts
FN:3,(anonymous_1)
FN:7,(anonymous_2)
FN:11,(anonymous_3)
FNF:3
FNH:1
FNDA:0,(anonymous_1)
FNDA:0,(anonymous_2)
FNDA:84,(anonymous_3)
DA:1,1
DA:3,1
DA:4,0
DA:7,1
DA:8,0
DA:11,1
DA:12,84
LF:7
LH:5
BRF:0
BRH:0
end_of_record
TN:
SF:src\utils\generatePatientId.ts
FN:3,(anonymous_1)
FNF:1
FNH:0
FNDA:0,(anonymous_1)
DA:1,0
DA:3,0
DA:4,0
DA:5,0
DA:6,0
LF:5
LH:0
BRF:0
BRH:0
end_of_record
TN:
SF:src\utils\generateToken.ts
FN:6,(anonymous_1)
FN:10,(anonymous_2)
FN:16,(anonymous_3)
FN:22,(anonymous_4)
FN:26,(anonymous_5)
FNF:5
FNH:5
FNDA:74,(anonymous_1)
FNDA:36,(anonymous_2)
FNDA:38,(anonymous_3)
FNDA:1,(anonymous_4)
FNDA:31,(anonymous_5)
DA:1,1
DA:2,1
DA:4,1
DA:6,1
DA:7,74
DA:10,1
DA:11,36
DA:16,1
DA:17,38
DA:22,1
DA:23,1
DA:26,1
DA:27,31
LF:13
LH:13
BRF:0
BRH:0
end_of_record
TN:
SF:src\utils\logger.ts
FN:7,(anonymous_1)
FN:22,(anonymous_2)
FN:67,(anonymous_3)
FNF:3
FNH:0
FNDA:0,(anonymous_1)
FNDA:0,(anonymous_2)
FNDA:0,(anonymous_3)
DA:1,0
DA:2,0
DA:4,0
DA:8,0
DA:9,0
DA:10,0
DA:12,0
DA:13,0
DA:15,0
DA:19,0
DA:23,0
DA:24,0
DA:25,0
DA:27,0
DA:28,0
DA:30,0
DA:34,0
DA:41,0
DA:42,0
DA:59,0
DA:67,0
DA:68,0
LF:22
LH:0
BRDA:9,0,0,0
BRDA:12,1,0,0
BRDA:24,2,0,0
BRDA:27,3,0,0
BRDA:36,4,0,0
BRDA:36,4,1,0
BRDA:37,5,0,0
BRDA:37,5,1,0
BRDA:41,6,0,0
BRDA:60,7,0,0
BRDA:60,7,1,0
BRF:11
BRH:0
end_of_record
TN:
SF:src\utils\password.ts
FN:5,(anonymous_1)
FN:9,(anonymous_2)
FNF:2
FNH:2
FNDA:19,(anonymous_1)
FNDA:18,(anonymous_2)
DA:1,1
DA:3,1
DA:5,1
DA:6,19
DA:9,1
DA:13,18
LF:6
LH:6
BRF:0
BRH:0
end_of_record
TN:
SF:src\utils\permissions.ts
FN:144,(anonymous_0)
FN:148,(anonymous_1)
FNF:2
FNH:0
FNDA:0,(anonymous_0)
FNDA:0,(anonymous_1)
DA:1,0
DA:144,0
DA:145,0
DA:148,0
DA:149,0
DA:150,0
LF:6
LH:0
BRDA:145,0,0,0
BRDA:145,0,1,0
BRDA:149,1,0,0
BRDA:149,1,1,0
BRF:4
BRH:0
end_of_record
TN:
SF:src\utils\response.ts
FN:3,(anonymous_0)
FN:17,(anonymous_1)
FN:31,(anonymous_2)
FNF:3
FNH:0
FNDA:0,(anonymous_0)
FNDA:0,(anonymous_1)
FNDA:0,(anonymous_2)
DA:3,0
DA:9,0
DA:14,0
DA:17,0
DA:23,0
DA:28,0
DA:31,0
DA:39,0
DA:50,0
LF:9
LH:0
BRDA:6,0,0,0
BRDA:7,1,0,0
BRDA:19,2,0,0
BRDA:20,3,0,0
BRDA:37,4,0,0
BRF:5
BRH:0
end_of_record
TN:
SF:src\validators\appointment.validator.ts
FNF:0
FNH:0
DA:1,0
DA:3,0
DA:11,0
LF:3
LH:0
BRF:0
BRH:0
end_of_record
TN:
SF:src\validators\auth.validator.ts
FN:14,(anonymous_0)
FN:38,(anonymous_1)
FN:68,(anonymous_2)
FNF:3
FNH:0
FNDA:0,(anonymous_0)
FNDA:0,(anonymous_1)
FNDA:0,(anonymous_2)
DA:1,0
DA:3,0
DA:14,0
DA:19,0
DA:38,0
DA:43,0
DA:49,0
DA:54,0
DA:58,0
DA:62,0
DA:68,0
DA:73,0
LF:12
LH:0
BRF:0
BRH:0
end_of_record
TN:
SF:src\validators\billing.validator.ts
FNF:0
FNH:0
DA:1,0
DA:3,0
DA:25,0
DA:34,0
LF:4
LH:0
BRF:0
BRH:0
end_of_record
TN:
SF:src\validators\branch.validator.ts
FNF:0
FNH:0
DA:1,0
DA:3,0
DA:19,0
LF:3
LH:0
BRF:0
BRH:0
end_of_record
TN:
SF:src\validators\department.validator.ts
FNF:0
FNH:0
DA:1,0
DA:3,0
DA:11,0
DA:20,0
DA:36,0
DA:53,0
DA:76,0
LF:7
LH:0
BRF:0
BRH:0
end_of_record
TN:
SF:src\validators\doctor.validator.ts
FNF:0
FNH:0
DA:1,0
DA:3,0
DA:26,0
LF:3
LH:0
BRF:0
BRH:0
end_of_record
TN:
SF:src\validators\insurance.validator.ts
FNF:0
FNH:0
DA:1,0
DA:3,0
DA:19,0
DA:21,0
LF:4
LH:0
BRF:0
BRH:0
end_of_record
TN:
SF:src\validators\inventory.validator.ts
FNF:0
FNH:0
DA:1,0
DA:3,0
DA:21,0
DA:23,0
LF:4
LH:0
BRF:0
BRH:0
end_of_record
TN:
SF:src\validators\lab.validator.ts
FNF:0
FNH:0
DA:1,0
DA:3,0
DA:9,0
DA:11,0
DA:24,0
DA:26,0
DA:42,0
DA:47,0
DA:56,0
LF:9
LH:0
BRF:0
BRH:0
end_of_record
TN:
SF:src\validators\nurse.validator.ts
FNF:0
FNH:0
DA:1,0
DA:3,0
DA:14,0
DA:16,0
DA:35,0
LF:5
LH:0
BRF:0
BRH:0
end_of_record
TN:
SF:src\validators\patientProfile.validator.ts
FNF:0
FNH:0
DA:1,0
DA:3,0
DA:57,0
LF:3
LH:0
BRF:0
BRH:0
end_of_record
TN:
SF:src\validators\pharmacy.validator.ts
FNF:0
FNH:0
DA:1,0
DA:3,0
DA:20,0
DA:22,0
DA:44,0
LF:5
LH:0
BRF:0
BRH:0
end_of_record
TN:
SF:src\validators\radiology.validator.ts
FNF:0
FNH:0
DA:1,0
DA:3,0
DA:13,0
DA:15,0
DA:31,0
DA:36,0
LF:6
LH:0
BRF:0
BRH:0
end_of_record
TN:
SF:src\validators\staff.validator.ts
FNF:0
FNH:0
DA:1,0
DA:3,0
DA:27,0
DA:59,0
DA:66,0
DA:73,0
DA:84,0
DA:88,0
DA:103,0
LF:9
LH:0
BRF:0
BRH:0
end_of_record
TN:
SF:src\validators\user.validator.ts
FN:17,(anonymous_0)
FNF:1
FNH:0
FNDA:0,(anonymous_0)
DA:1,0
DA:3,0
DA:13,0
DA:17,0
DA:22,0
LF:5
LH:0
BRF:0
BRH:0
end_of_record
TN:
SF:src\validators\ward.validator.ts
FNF:0
FNH:0
DA:1,0
DA:3,0
DA:15,0
DA:27,0
DA:35,0
DA:45,0
LF:6
LH:0
BRF:0
BRH:0
end_of_record
